{"/home/andresds/Documentos/mks-web-app/src/components/CartButton/CartButton.tsx": {"path":"/home/andresds/Documentos/mks-web-app/src/components/CartButton/CartButton.tsx","all":false,"statementMap":{"0":{"start":{"line":1,"column":0},"end":{"line":1,"column":79}},"1":{"start":{"line":2,"column":0},"end":{"line":2,"column":57}},"2":{"start":{"line":3,"column":0},"end":{"line":3,"column":63}},"3":{"start":{"line":4,"column":0},"end":{"line":4,"column":0}},"4":{"start":{"line":5,"column":0},"end":{"line":5,"column":33}},"5":{"start":{"line":6,"column":0},"end":{"line":6,"column":59}},"6":{"start":{"line":7,"column":0},"end":{"line":7,"column":0}},"7":{"start":{"line":8,"column":0},"end":{"line":8,"column":68}},"8":{"start":{"line":9,"column":0},"end":{"line":9,"column":43}},"9":{"start":{"line":10,"column":0},"end":{"line":10,"column":0}},"10":{"start":{"line":11,"column":0},"end":{"line":11,"column":10}},"11":{"start":{"line":12,"column":0},"end":{"line":12,"column":95}},"12":{"start":{"line":13,"column":0},"end":{"line":13,"column":74}},"13":{"start":{"line":14,"column":0},"end":{"line":14,"column":89}},"14":{"start":{"line":15,"column":0},"end":{"line":15,"column":26}},"15":{"start":{"line":16,"column":0},"end":{"line":16,"column":4}},"16":{"start":{"line":17,"column":0},"end":{"line":17,"column":2}}},"s":{"0":1,"1":1,"2":1,"3":1,"4":1,"5":12,"6":12,"7":12,"8":12,"9":12,"10":12,"11":12,"12":12,"13":12,"14":12,"15":12,"16":12},"branchMap":{"0":{"type":"branch","line":5,"loc":{"start":{"line":5,"column":13},"end":{"line":5,"column":26}},"locations":[{"start":{"line":5,"column":13},"end":{"line":5,"column":26}}]},"1":{"type":"branch","line":5,"loc":{"start":{"line":5,"column":26},"end":{"line":17,"column":2}},"locations":[{"start":{"line":5,"column":26},"end":{"line":17,"column":2}}]},"2":{"type":"branch","line":8,"loc":{"start":{"line":8,"column":62},"end":{"line":8,"column":68}},"locations":[{"start":{"line":8,"column":62},"end":{"line":8,"column":68}}]}},"b":{"0":[11],"1":[12],"2":[10]},"fnMap":{"0":{"name":"get","decl":{"start":{"line":5,"column":13},"end":{"line":5,"column":26}},"loc":{"start":{"line":5,"column":13},"end":{"line":5,"column":26}},"line":5},"1":{"name":"CartButton","decl":{"start":{"line":5,"column":26},"end":{"line":17,"column":2}},"loc":{"start":{"line":5,"column":26},"end":{"line":17,"column":2}},"line":5}},"f":{"0":11,"1":12}}
,"/home/andresds/Documentos/mks-web-app/src/components/CartButton/styles.ts": {"path":"/home/andresds/Documentos/mks-web-app/src/components/CartButton/styles.ts","all":false,"statementMap":{"0":{"start":{"line":1,"column":0},"end":{"line":1,"column":39}},"1":{"start":{"line":2,"column":0},"end":{"line":2,"column":0}},"2":{"start":{"line":3,"column":0},"end":{"line":3,"column":49}},"3":{"start":{"line":4,"column":0},"end":{"line":4,"column":18}},"4":{"start":{"line":5,"column":0},"end":{"line":5,"column":24}},"5":{"start":{"line":6,"column":0},"end":{"line":6,"column":28}},"6":{"start":{"line":7,"column":0},"end":{"line":7,"column":16}},"7":{"start":{"line":8,"column":0},"end":{"line":8,"column":17}},"8":{"start":{"line":9,"column":0},"end":{"line":9,"column":27}},"9":{"start":{"line":10,"column":0},"end":{"line":10,"column":23}},"10":{"start":{"line":11,"column":0},"end":{"line":11,"column":17}},"11":{"start":{"line":12,"column":0},"end":{"line":12,"column":18}},"12":{"start":{"line":13,"column":0},"end":{"line":13,"column":50}},"13":{"start":{"line":14,"column":0},"end":{"line":14,"column":20}},"14":{"start":{"line":15,"column":0},"end":{"line":15,"column":0}},"15":{"start":{"line":16,"column":0},"end":{"line":16,"column":13}},"16":{"start":{"line":17,"column":0},"end":{"line":17,"column":34}},"17":{"start":{"line":18,"column":0},"end":{"line":18,"column":5}},"18":{"start":{"line":19,"column":0},"end":{"line":19,"column":0}},"19":{"start":{"line":20,"column":0},"end":{"line":20,"column":31}},"20":{"start":{"line":21,"column":0},"end":{"line":21,"column":20}},"21":{"start":{"line":22,"column":0},"end":{"line":22,"column":21}},"22":{"start":{"line":23,"column":0},"end":{"line":23,"column":27}},"23":{"start":{"line":24,"column":0},"end":{"line":24,"column":5}},"24":{"start":{"line":25,"column":0},"end":{"line":25,"column":2}},"25":{"start":{"line":26,"column":0},"end":{"line":26,"column":0}},"26":{"start":{"line":27,"column":0},"end":{"line":27,"column":41}},"27":{"start":{"line":28,"column":0},"end":{"line":28,"column":16}},"28":{"start":{"line":29,"column":0},"end":{"line":29,"column":17}},"29":{"start":{"line":30,"column":0},"end":{"line":30,"column":25}},"30":{"start":{"line":31,"column":0},"end":{"line":31,"column":0}},"31":{"start":{"line":32,"column":0},"end":{"line":32,"column":31}},"32":{"start":{"line":33,"column":0},"end":{"line":33,"column":20}},"33":{"start":{"line":34,"column":0},"end":{"line":34,"column":21}},"34":{"start":{"line":35,"column":0},"end":{"line":35,"column":5}},"35":{"start":{"line":36,"column":0},"end":{"line":36,"column":2}},"36":{"start":{"line":37,"column":0},"end":{"line":37,"column":0}},"37":{"start":{"line":38,"column":0},"end":{"line":38,"column":39}},"38":{"start":{"line":39,"column":0},"end":{"line":39,"column":21}},"39":{"start":{"line":40,"column":0},"end":{"line":40,"column":20}},"40":{"start":{"line":41,"column":0},"end":{"line":41,"column":22}},"41":{"start":{"line":42,"column":0},"end":{"line":42,"column":0}},"42":{"start":{"line":43,"column":0},"end":{"line":43,"column":31}},"43":{"start":{"line":44,"column":0},"end":{"line":44,"column":24}},"44":{"start":{"line":45,"column":0},"end":{"line":45,"column":26}},"45":{"start":{"line":46,"column":0},"end":{"line":46,"column":5}},"46":{"start":{"line":47,"column":0},"end":{"line":47,"column":2}}},"s":{"0":1,"1":1,"2":1,"3":1,"4":1,"5":1,"6":1,"7":1,"8":1,"9":1,"10":1,"11":1,"12":1,"13":1,"14":1,"15":1,"16":1,"17":1,"18":1,"19":1,"20":1,"21":1,"22":1,"23":1,"24":1,"25":1,"26":1,"27":1,"28":1,"29":1,"30":1,"31":1,"32":1,"33":1,"34":1,"35":1,"36":1,"37":1,"38":1,"39":1,"40":1,"41":1,"42":1,"43":1,"44":1,"45":1,"46":1},"branchMap":{},"b":{},"fnMap":{},"f":{}}
,"/home/andresds/Documentos/mks-web-app/src/components/Footer/Footer.tsx": {"path":"/home/andresds/Documentos/mks-web-app/src/components/Footer/Footer.tsx","all":false,"statementMap":{"0":{"start":{"line":1,"column":0},"end":{"line":1,"column":44}},"1":{"start":{"line":2,"column":0},"end":{"line":2,"column":0}},"2":{"start":{"line":3,"column":0},"end":{"line":3,"column":29}},"3":{"start":{"line":4,"column":0},"end":{"line":4,"column":10}},"4":{"start":{"line":5,"column":0},"end":{"line":5,"column":41}},"5":{"start":{"line":6,"column":0},"end":{"line":6,"column":56}},"6":{"start":{"line":7,"column":0},"end":{"line":7,"column":23}},"7":{"start":{"line":8,"column":0},"end":{"line":8,"column":4}},"8":{"start":{"line":9,"column":0},"end":{"line":9,"column":2}}},"s":{"0":1,"1":1,"2":1,"3":5,"4":5,"5":5,"6":5,"7":5,"8":5},"branchMap":{"0":{"type":"branch","line":3,"loc":{"start":{"line":3,"column":13},"end":{"line":3,"column":22}},"locations":[{"start":{"line":3,"column":13},"end":{"line":3,"column":22}}]},"1":{"type":"branch","line":3,"loc":{"start":{"line":3,"column":22},"end":{"line":9,"column":2}},"locations":[{"start":{"line":3,"column":22},"end":{"line":9,"column":2}}]}},"b":{"0":[5],"1":[5]},"fnMap":{"0":{"name":"get","decl":{"start":{"line":3,"column":13},"end":{"line":3,"column":22}},"loc":{"start":{"line":3,"column":13},"end":{"line":3,"column":22}},"line":3},"1":{"name":"Footer","decl":{"start":{"line":3,"column":22},"end":{"line":9,"column":2}},"loc":{"start":{"line":3,"column":22},"end":{"line":9,"column":2}},"line":3}},"f":{"0":5,"1":5}}
,"/home/andresds/Documentos/mks-web-app/src/components/Footer/styles.ts": {"path":"/home/andresds/Documentos/mks-web-app/src/components/Footer/styles.ts","all":false,"statementMap":{"0":{"start":{"line":1,"column":0},"end":{"line":1,"column":39}},"1":{"start":{"line":2,"column":0},"end":{"line":2,"column":0}},"2":{"start":{"line":3,"column":0},"end":{"line":3,"column":46}},"3":{"start":{"line":4,"column":0},"end":{"line":4,"column":16}},"4":{"start":{"line":5,"column":0},"end":{"line":5,"column":17}},"5":{"start":{"line":6,"column":0},"end":{"line":6,"column":24}},"6":{"start":{"line":7,"column":0},"end":{"line":7,"column":18}},"7":{"start":{"line":8,"column":0},"end":{"line":8,"column":24}},"8":{"start":{"line":9,"column":0},"end":{"line":9,"column":28}},"9":{"start":{"line":10,"column":0},"end":{"line":10,"column":20}},"10":{"start":{"line":11,"column":0},"end":{"line":11,"column":22}},"11":{"start":{"line":12,"column":0},"end":{"line":12,"column":2}}},"s":{"0":1,"1":1,"2":1,"3":1,"4":1,"5":1,"6":1,"7":1,"8":1,"9":1,"10":1,"11":1},"branchMap":{"0":{"type":"branch","line":3,"loc":{"start":{"line":3,"column":13},"end":{"line":3,"column":32}},"locations":[{"start":{"line":3,"column":13},"end":{"line":3,"column":32}}]}},"b":{"0":[5]},"fnMap":{"0":{"name":"get","decl":{"start":{"line":3,"column":13},"end":{"line":3,"column":32}},"loc":{"start":{"line":3,"column":13},"end":{"line":3,"column":32}},"line":3}},"f":{"0":5}}
,"/home/andresds/Documentos/mks-web-app/src/components/Header/Header.tsx": {"path":"/home/andresds/Documentos/mks-web-app/src/components/Header/Header.tsx","all":false,"statementMap":{"0":{"start":{"line":1,"column":0},"end":{"line":1,"column":52}},"1":{"start":{"line":2,"column":0},"end":{"line":2,"column":48}},"2":{"start":{"line":3,"column":0},"end":{"line":3,"column":54}},"3":{"start":{"line":4,"column":0},"end":{"line":4,"column":0}},"4":{"start":{"line":5,"column":0},"end":{"line":5,"column":31}},"5":{"start":{"line":6,"column":0},"end":{"line":6,"column":10}},"6":{"start":{"line":7,"column":0},"end":{"line":7,"column":21}},"7":{"start":{"line":8,"column":0},"end":{"line":8,"column":47}},"8":{"start":{"line":9,"column":0},"end":{"line":9,"column":20}},"9":{"start":{"line":10,"column":0},"end":{"line":10,"column":22}},"10":{"start":{"line":11,"column":0},"end":{"line":11,"column":4}},"11":{"start":{"line":12,"column":0},"end":{"line":12,"column":2}}},"s":{"0":1,"1":1,"2":1,"3":1,"4":1,"5":7,"6":7,"7":7,"8":7,"9":7,"10":7,"11":7},"branchMap":{"0":{"type":"branch","line":5,"loc":{"start":{"line":5,"column":13},"end":{"line":5,"column":22}},"locations":[{"start":{"line":5,"column":13},"end":{"line":5,"column":22}}]},"1":{"type":"branch","line":5,"loc":{"start":{"line":5,"column":22},"end":{"line":12,"column":2}},"locations":[{"start":{"line":5,"column":22},"end":{"line":12,"column":2}}]}},"b":{"0":[7],"1":[7]},"fnMap":{"0":{"name":"get","decl":{"start":{"line":5,"column":13},"end":{"line":5,"column":22}},"loc":{"start":{"line":5,"column":13},"end":{"line":5,"column":22}},"line":5},"1":{"name":"Header","decl":{"start":{"line":5,"column":22},"end":{"line":12,"column":2}},"loc":{"start":{"line":5,"column":22},"end":{"line":12,"column":2}},"line":5}},"f":{"0":7,"1":7}}
,"/home/andresds/Documentos/mks-web-app/src/components/Header/styles.ts": {"path":"/home/andresds/Documentos/mks-web-app/src/components/Header/styles.ts","all":false,"statementMap":{"0":{"start":{"line":1,"column":0},"end":{"line":1,"column":39}},"1":{"start":{"line":2,"column":0},"end":{"line":2,"column":0}},"2":{"start":{"line":3,"column":0},"end":{"line":3,"column":45}},"3":{"start":{"line":4,"column":0},"end":{"line":4,"column":15}},"4":{"start":{"line":5,"column":0},"end":{"line":5,"column":24}},"5":{"start":{"line":6,"column":0},"end":{"line":6,"column":16}},"6":{"start":{"line":7,"column":0},"end":{"line":7,"column":17}},"7":{"start":{"line":8,"column":0},"end":{"line":8,"column":18}},"8":{"start":{"line":9,"column":0},"end":{"line":9,"column":24}},"9":{"start":{"line":10,"column":0},"end":{"line":10,"column":35}},"10":{"start":{"line":11,"column":0},"end":{"line":11,"column":20}},"11":{"start":{"line":12,"column":0},"end":{"line":12,"column":20}},"12":{"start":{"line":13,"column":0},"end":{"line":13,"column":11}},"13":{"start":{"line":14,"column":0},"end":{"line":14,"column":0}},"14":{"start":{"line":15,"column":0},"end":{"line":15,"column":35}},"15":{"start":{"line":16,"column":0},"end":{"line":16,"column":22}},"16":{"start":{"line":17,"column":0},"end":{"line":17,"column":27}},"17":{"start":{"line":18,"column":0},"end":{"line":18,"column":5}},"18":{"start":{"line":19,"column":0},"end":{"line":19,"column":2}},"19":{"start":{"line":20,"column":0},"end":{"line":20,"column":0}},"20":{"start":{"line":21,"column":0},"end":{"line":21,"column":34}},"21":{"start":{"line":22,"column":0},"end":{"line":22,"column":17}},"22":{"start":{"line":23,"column":0},"end":{"line":23,"column":2}}},"s":{"0":1,"1":1,"2":1,"3":1,"4":1,"5":1,"6":1,"7":1,"8":1,"9":1,"10":1,"11":1,"12":1,"13":1,"14":1,"15":1,"16":1,"17":1,"18":1,"19":1,"20":1,"21":1,"22":1},"branchMap":{},"b":{},"fnMap":{},"f":{}}
,"/home/andresds/Documentos/mks-web-app/src/components/ProductCard/ProductCard.tsx": {"path":"/home/andresds/Documentos/mks-web-app/src/components/ProductCard/ProductCard.tsx","all":false,"statementMap":{"0":{"start":{"line":1,"column":0},"end":{"line":1,"column":8}},"1":{"start":{"line":2,"column":0},"end":{"line":2,"column":16}},"2":{"start":{"line":3,"column":0},"end":{"line":3,"column":21}},"3":{"start":{"line":4,"column":0},"end":{"line":4,"column":14}},"4":{"start":{"line":5,"column":0},"end":{"line":5,"column":21}},"5":{"start":{"line":6,"column":0},"end":{"line":6,"column":12}},"6":{"start":{"line":7,"column":0},"end":{"line":7,"column":12}},"7":{"start":{"line":8,"column":0},"end":{"line":8,"column":18}},"8":{"start":{"line":9,"column":0},"end":{"line":9,"column":12}},"9":{"start":{"line":10,"column":0},"end":{"line":10,"column":16}},"10":{"start":{"line":11,"column":0},"end":{"line":11,"column":13}},"11":{"start":{"line":12,"column":0},"end":{"line":12,"column":18}},"12":{"start":{"line":13,"column":0},"end":{"line":13,"column":23}},"13":{"start":{"line":14,"column":0},"end":{"line":14,"column":21}},"14":{"start":{"line":15,"column":0},"end":{"line":15,"column":18}},"15":{"start":{"line":16,"column":0},"end":{"line":16,"column":0}},"16":{"start":{"line":17,"column":0},"end":{"line":17,"column":59}},"17":{"start":{"line":18,"column":0},"end":{"line":18,"column":53}},"18":{"start":{"line":19,"column":0},"end":{"line":19,"column":63}},"19":{"start":{"line":20,"column":0},"end":{"line":20,"column":0}},"20":{"start":{"line":21,"column":0},"end":{"line":21,"column":28}},"21":{"start":{"line":22,"column":0},"end":{"line":22,"column":20}},"22":{"start":{"line":23,"column":0},"end":{"line":23,"column":21}},"23":{"start":{"line":24,"column":0},"end":{"line":24,"column":1}},"24":{"start":{"line":25,"column":0},"end":{"line":25,"column":0}},"25":{"start":{"line":26,"column":0},"end":{"line":26,"column":29}},"26":{"start":{"line":27,"column":0},"end":{"line":27,"column":10}},"27":{"start":{"line":28,"column":0},"end":{"line":28,"column":19}},"28":{"start":{"line":29,"column":0},"end":{"line":29,"column":25}},"29":{"start":{"line":30,"column":0},"end":{"line":30,"column":58}},"30":{"start":{"line":31,"column":0},"end":{"line":31,"column":76}},"31":{"start":{"line":32,"column":0},"end":{"line":32,"column":18}},"32":{"start":{"line":33,"column":0},"end":{"line":33,"column":0}},"33":{"start":{"line":34,"column":0},"end":{"line":34,"column":51}},"34":{"start":{"line":35,"column":0},"end":{"line":35,"column":0}},"35":{"start":{"line":36,"column":0},"end":{"line":36,"column":10}},"36":{"start":{"line":37,"column":0},"end":{"line":37,"column":6}},"37":{"start":{"line":38,"column":0},"end":{"line":38,"column":25}},"38":{"start":{"line":39,"column":0},"end":{"line":39,"column":49}},"39":{"start":{"line":40,"column":0},"end":{"line":40,"column":27}},"40":{"start":{"line":41,"column":0},"end":{"line":41,"column":7}},"41":{"start":{"line":42,"column":0},"end":{"line":42,"column":22}},"42":{"start":{"line":43,"column":0},"end":{"line":43,"column":27}},"43":{"start":{"line":44,"column":0},"end":{"line":44,"column":0}},"44":{"start":{"line":45,"column":0},"end":{"line":45,"column":67}},"45":{"start":{"line":46,"column":0},"end":{"line":46,"column":41}},"46":{"start":{"line":47,"column":0},"end":{"line":47,"column":50}},"47":{"start":{"line":48,"column":0},"end":{"line":48,"column":22}},"48":{"start":{"line":49,"column":0},"end":{"line":49,"column":47}},"49":{"start":{"line":50,"column":0},"end":{"line":50,"column":33}},"50":{"start":{"line":51,"column":0},"end":{"line":51,"column":25}},"51":{"start":{"line":52,"column":0},"end":{"line":52,"column":14}},"52":{"start":{"line":53,"column":0},"end":{"line":53,"column":31}},"53":{"start":{"line":54,"column":0},"end":{"line":54,"column":0}},"54":{"start":{"line":55,"column":0},"end":{"line":55,"column":42}},"55":{"start":{"line":56,"column":0},"end":{"line":56,"column":61}},"56":{"start":{"line":57,"column":0},"end":{"line":57,"column":0}},"57":{"start":{"line":58,"column":0},"end":{"line":58,"column":54}},"58":{"start":{"line":59,"column":0},"end":{"line":59,"column":54}},"59":{"start":{"line":60,"column":0},"end":{"line":60,"column":72}},"60":{"start":{"line":61,"column":0},"end":{"line":61,"column":47}},"61":{"start":{"line":62,"column":0},"end":{"line":62,"column":72}},"62":{"start":{"line":63,"column":0},"end":{"line":63,"column":35}},"63":{"start":{"line":64,"column":0},"end":{"line":64,"column":0}},"64":{"start":{"line":65,"column":0},"end":{"line":65,"column":51}},"65":{"start":{"line":66,"column":0},"end":{"line":66,"column":27}},"66":{"start":{"line":67,"column":0},"end":{"line":67,"column":49}},"67":{"start":{"line":68,"column":0},"end":{"line":68,"column":28}},"68":{"start":{"line":69,"column":0},"end":{"line":69,"column":32}},"69":{"start":{"line":70,"column":0},"end":{"line":70,"column":35}},"70":{"start":{"line":71,"column":0},"end":{"line":71,"column":23}},"71":{"start":{"line":72,"column":0},"end":{"line":72,"column":0}},"72":{"start":{"line":73,"column":0},"end":{"line":73,"column":78}},"73":{"start":{"line":74,"column":0},"end":{"line":74,"column":22}},"74":{"start":{"line":75,"column":0},"end":{"line":75,"column":0}},"75":{"start":{"line":76,"column":0},"end":{"line":76,"column":22}},"76":{"start":{"line":77,"column":0},"end":{"line":77,"column":29}},"77":{"start":{"line":78,"column":0},"end":{"line":78,"column":51}},"78":{"start":{"line":79,"column":0},"end":{"line":79,"column":9}},"79":{"start":{"line":80,"column":0},"end":{"line":80,"column":64}},"80":{"start":{"line":81,"column":0},"end":{"line":81,"column":24}},"81":{"start":{"line":82,"column":0},"end":{"line":82,"column":24}},"82":{"start":{"line":83,"column":0},"end":{"line":83,"column":22}},"83":{"start":{"line":84,"column":0},"end":{"line":84,"column":7}},"84":{"start":{"line":85,"column":0},"end":{"line":85,"column":4}},"85":{"start":{"line":86,"column":0},"end":{"line":86,"column":2}}},"s":{"0":1,"1":1,"2":1,"3":1,"4":1,"5":1,"6":1,"7":1,"8":1,"9":1,"10":1,"11":1,"12":1,"13":1,"14":1,"15":1,"16":1,"17":1,"18":1,"19":1,"20":1,"21":1,"22":1,"23":1,"24":1,"25":1,"26":13,"27":13,"28":13,"29":13,"30":13,"31":13,"32":13,"33":13,"34":13,"35":13,"36":13,"37":13,"38":13,"39":13,"40":13,"41":13,"42":13,"43":13,"44":13,"45":13,"46":13,"47":13,"48":13,"49":13,"50":13,"51":13,"52":13,"53":13,"54":13,"55":13,"56":13,"57":13,"58":13,"59":13,"60":13,"61":13,"62":13,"63":13,"64":13,"65":13,"66":13,"67":13,"68":13,"69":13,"70":13,"71":13,"72":13,"73":13,"74":13,"75":13,"76":13,"77":13,"78":13,"79":13,"80":13,"81":13,"82":13,"83":13,"84":13,"85":13},"branchMap":{"0":{"type":"branch","line":26,"loc":{"start":{"line":26,"column":13},"end":{"line":26,"column":27}},"locations":[{"start":{"line":26,"column":13},"end":{"line":26,"column":27}}]},"1":{"type":"branch","line":26,"loc":{"start":{"line":26,"column":27},"end":{"line":86,"column":2}},"locations":[{"start":{"line":26,"column":27},"end":{"line":86,"column":2}}]},"2":{"type":"branch","line":39,"loc":{"start":{"line":39,"column":17},"end":{"line":39,"column":49}},"locations":[{"start":{"line":39,"column":17},"end":{"line":39,"column":49}}]},"3":{"type":"branch","line":60,"loc":{"start":{"line":60,"column":31},"end":{"line":60,"column":64}},"locations":[{"start":{"line":60,"column":31},"end":{"line":60,"column":64}}]},"4":{"type":"branch","line":62,"loc":{"start":{"line":62,"column":31},"end":{"line":62,"column":64}},"locations":[{"start":{"line":62,"column":31},"end":{"line":62,"column":64}}]},"5":{"type":"branch","line":78,"loc":{"start":{"line":78,"column":19},"end":{"line":78,"column":51}},"locations":[{"start":{"line":78,"column":19},"end":{"line":78,"column":51}}]}},"b":{"0":[12],"1":[13],"2":[1],"3":[1],"4":[1],"5":[2]},"fnMap":{"0":{"name":"get","decl":{"start":{"line":26,"column":13},"end":{"line":26,"column":27}},"loc":{"start":{"line":26,"column":13},"end":{"line":26,"column":27}},"line":26},"1":{"name":"ProductCard","decl":{"start":{"line":26,"column":27},"end":{"line":86,"column":2}},"loc":{"start":{"line":26,"column":27},"end":{"line":86,"column":2}},"line":26},"2":{"name":"onClick","decl":{"start":{"line":39,"column":17},"end":{"line":39,"column":49}},"loc":{"start":{"line":39,"column":17},"end":{"line":39,"column":49}},"line":39},"3":{"name":"onClick","decl":{"start":{"line":60,"column":31},"end":{"line":60,"column":64}},"loc":{"start":{"line":60,"column":31},"end":{"line":60,"column":64}},"line":60},"4":{"name":"onClick","decl":{"start":{"line":62,"column":31},"end":{"line":62,"column":64}},"loc":{"start":{"line":62,"column":31},"end":{"line":62,"column":64}},"line":62},"5":{"name":"onClick","decl":{"start":{"line":78,"column":19},"end":{"line":78,"column":51}},"loc":{"start":{"line":78,"column":19},"end":{"line":78,"column":51}},"line":78}},"f":{"0":12,"1":13,"2":1,"3":1,"4":1,"5":2}}
,"/home/andresds/Documentos/mks-web-app/src/components/ProductCard/styles.ts": {"path":"/home/andresds/Documentos/mks-web-app/src/components/ProductCard/styles.ts","all":false,"statementMap":{"0":{"start":{"line":1,"column":0},"end":{"line":1,"column":39}},"1":{"start":{"line":2,"column":0},"end":{"line":2,"column":0}},"2":{"start":{"line":3,"column":0},"end":{"line":3,"column":18}},"3":{"start":{"line":4,"column":0},"end":{"line":4,"column":22}},"4":{"start":{"line":5,"column":0},"end":{"line":5,"column":1}},"5":{"start":{"line":6,"column":0},"end":{"line":6,"column":0}},"6":{"start":{"line":7,"column":0},"end":{"line":7,"column":51}},"7":{"start":{"line":8,"column":0},"end":{"line":8,"column":24}},"8":{"start":{"line":9,"column":0},"end":{"line":9,"column":52}},"9":{"start":{"line":10,"column":0},"end":{"line":10,"column":23}},"10":{"start":{"line":11,"column":0},"end":{"line":11,"column":17}},"11":{"start":{"line":12,"column":0},"end":{"line":12,"column":62}},"12":{"start":{"line":13,"column":0},"end":{"line":13,"column":21}},"13":{"start":{"line":14,"column":0},"end":{"line":14,"column":19}},"14":{"start":{"line":15,"column":0},"end":{"line":15,"column":22}},"15":{"start":{"line":16,"column":0},"end":{"line":16,"column":60}},"16":{"start":{"line":17,"column":0},"end":{"line":17,"column":18}},"17":{"start":{"line":18,"column":0},"end":{"line":18,"column":27}},"18":{"start":{"line":19,"column":0},"end":{"line":19,"column":84}},"19":{"start":{"line":20,"column":0},"end":{"line":20,"column":0}},"20":{"start":{"line":21,"column":0},"end":{"line":21,"column":31}},"21":{"start":{"line":22,"column":0},"end":{"line":22,"column":65}},"22":{"start":{"line":23,"column":0},"end":{"line":23,"column":65}},"23":{"start":{"line":24,"column":0},"end":{"line":24,"column":89}},"24":{"start":{"line":25,"column":0},"end":{"line":25,"column":67}},"25":{"start":{"line":26,"column":0},"end":{"line":26,"column":5}},"26":{"start":{"line":27,"column":0},"end":{"line":27,"column":2}},"27":{"start":{"line":28,"column":0},"end":{"line":28,"column":0}},"28":{"start":{"line":29,"column":0},"end":{"line":29,"column":56}},"29":{"start":{"line":30,"column":0},"end":{"line":30,"column":34}},"30":{"start":{"line":31,"column":0},"end":{"line":31,"column":17}},"31":{"start":{"line":32,"column":0},"end":{"line":32,"column":16}},"32":{"start":{"line":33,"column":0},"end":{"line":33,"column":59}},"33":{"start":{"line":34,"column":0},"end":{"line":34,"column":24}},"34":{"start":{"line":35,"column":0},"end":{"line":35,"column":28}},"35":{"start":{"line":36,"column":0},"end":{"line":36,"column":20}},"36":{"start":{"line":37,"column":0},"end":{"line":37,"column":25}},"37":{"start":{"line":38,"column":0},"end":{"line":38,"column":23}},"38":{"start":{"line":39,"column":0},"end":{"line":39,"column":15}},"39":{"start":{"line":40,"column":0},"end":{"line":40,"column":0}},"40":{"start":{"line":41,"column":0},"end":{"line":41,"column":10}},"41":{"start":{"line":42,"column":0},"end":{"line":42,"column":25}},"42":{"start":{"line":43,"column":0},"end":{"line":43,"column":24}},"43":{"start":{"line":44,"column":0},"end":{"line":44,"column":20}},"44":{"start":{"line":45,"column":0},"end":{"line":45,"column":5}},"45":{"start":{"line":46,"column":0},"end":{"line":46,"column":0}},"46":{"start":{"line":47,"column":0},"end":{"line":47,"column":31}},"47":{"start":{"line":48,"column":0},"end":{"line":48,"column":22}},"48":{"start":{"line":49,"column":0},"end":{"line":49,"column":0}},"49":{"start":{"line":50,"column":0},"end":{"line":50,"column":41}},"50":{"start":{"line":51,"column":0},"end":{"line":51,"column":26}},"51":{"start":{"line":52,"column":0},"end":{"line":52,"column":35}},"52":{"start":{"line":53,"column":0},"end":{"line":53,"column":25}},"53":{"start":{"line":54,"column":0},"end":{"line":54,"column":24}},"54":{"start":{"line":55,"column":0},"end":{"line":55,"column":31}},"55":{"start":{"line":56,"column":0},"end":{"line":56,"column":33}},"56":{"start":{"line":57,"column":0},"end":{"line":57,"column":31}},"57":{"start":{"line":58,"column":0},"end":{"line":58,"column":1}},"58":{"start":{"line":59,"column":0},"end":{"line":59,"column":18}},"59":{"start":{"line":60,"column":0},"end":{"line":60,"column":32}},"60":{"start":{"line":61,"column":0},"end":{"line":61,"column":28}},"61":{"start":{"line":62,"column":0},"end":{"line":62,"column":13}},"62":{"start":{"line":63,"column":0},"end":{"line":63,"column":10}},"63":{"start":{"line":64,"column":0},"end":{"line":64,"column":5}},"64":{"start":{"line":65,"column":0},"end":{"line":65,"column":2}},"65":{"start":{"line":66,"column":0},"end":{"line":66,"column":0}},"66":{"start":{"line":67,"column":0},"end":{"line":67,"column":49}},"67":{"start":{"line":68,"column":0},"end":{"line":68,"column":20}},"68":{"start":{"line":69,"column":0},"end":{"line":69,"column":18}},"69":{"start":{"line":70,"column":0},"end":{"line":70,"column":27}},"70":{"start":{"line":71,"column":0},"end":{"line":71,"column":35}},"71":{"start":{"line":72,"column":0},"end":{"line":72,"column":24}},"72":{"start":{"line":73,"column":0},"end":{"line":73,"column":0}},"73":{"start":{"line":74,"column":0},"end":{"line":74,"column":16}},"74":{"start":{"line":75,"column":0},"end":{"line":75,"column":0}},"75":{"start":{"line":76,"column":0},"end":{"line":76,"column":31}},"76":{"start":{"line":77,"column":0},"end":{"line":77,"column":63}},"77":{"start":{"line":78,"column":0},"end":{"line":78,"column":54}},"78":{"start":{"line":79,"column":0},"end":{"line":79,"column":57}},"79":{"start":{"line":80,"column":0},"end":{"line":80,"column":39}},"80":{"start":{"line":81,"column":0},"end":{"line":81,"column":5}},"81":{"start":{"line":82,"column":0},"end":{"line":82,"column":2}},"82":{"start":{"line":83,"column":0},"end":{"line":83,"column":0}},"83":{"start":{"line":84,"column":0},"end":{"line":84,"column":56}},"84":{"start":{"line":85,"column":0},"end":{"line":85,"column":16}},"85":{"start":{"line":86,"column":0},"end":{"line":86,"column":61}},"86":{"start":{"line":87,"column":0},"end":{"line":87,"column":18}},"87":{"start":{"line":88,"column":0},"end":{"line":88,"column":28}},"88":{"start":{"line":89,"column":0},"end":{"line":89,"column":28}},"89":{"start":{"line":90,"column":0},"end":{"line":90,"column":0}},"90":{"start":{"line":91,"column":0},"end":{"line":91,"column":31}},"91":{"start":{"line":92,"column":0},"end":{"line":92,"column":32}},"92":{"start":{"line":93,"column":0},"end":{"line":93,"column":65}},"93":{"start":{"line":94,"column":0},"end":{"line":94,"column":64}},"94":{"start":{"line":95,"column":0},"end":{"line":95,"column":5}},"95":{"start":{"line":96,"column":0},"end":{"line":96,"column":4}},"96":{"start":{"line":97,"column":0},"end":{"line":97,"column":2}},"97":{"start":{"line":98,"column":0},"end":{"line":98,"column":0}},"98":{"start":{"line":99,"column":0},"end":{"line":99,"column":47}},"99":{"start":{"line":100,"column":0},"end":{"line":100,"column":61}},"100":{"start":{"line":101,"column":0},"end":{"line":101,"column":24}},"101":{"start":{"line":102,"column":0},"end":{"line":102,"column":4}},"102":{"start":{"line":103,"column":0},"end":{"line":103,"column":31}},"103":{"start":{"line":104,"column":0},"end":{"line":104,"column":65}},"104":{"start":{"line":105,"column":0},"end":{"line":105,"column":63}},"105":{"start":{"line":106,"column":0},"end":{"line":106,"column":5}},"106":{"start":{"line":107,"column":0},"end":{"line":107,"column":2}},"107":{"start":{"line":108,"column":0},"end":{"line":108,"column":0}},"108":{"start":{"line":109,"column":0},"end":{"line":109,"column":51}},"109":{"start":{"line":110,"column":0},"end":{"line":110,"column":18}},"110":{"start":{"line":111,"column":0},"end":{"line":111,"column":69}},"111":{"start":{"line":112,"column":0},"end":{"line":112,"column":35}},"112":{"start":{"line":113,"column":0},"end":{"line":113,"column":24}},"113":{"start":{"line":114,"column":0},"end":{"line":114,"column":16}},"114":{"start":{"line":115,"column":0},"end":{"line":115,"column":60}},"115":{"start":{"line":116,"column":0},"end":{"line":116,"column":21}},"116":{"start":{"line":117,"column":0},"end":{"line":117,"column":0}},"117":{"start":{"line":118,"column":0},"end":{"line":118,"column":31}},"118":{"start":{"line":119,"column":0},"end":{"line":119,"column":55}},"119":{"start":{"line":120,"column":0},"end":{"line":120,"column":56}},"120":{"start":{"line":121,"column":0},"end":{"line":121,"column":63}},"121":{"start":{"line":122,"column":0},"end":{"line":122,"column":0}},"122":{"start":{"line":123,"column":0},"end":{"line":123,"column":11}},"123":{"start":{"line":124,"column":0},"end":{"line":124,"column":29}},"124":{"start":{"line":125,"column":0},"end":{"line":125,"column":9}},"125":{"start":{"line":126,"column":0},"end":{"line":126,"column":5}},"126":{"start":{"line":127,"column":0},"end":{"line":127,"column":2}},"127":{"start":{"line":128,"column":0},"end":{"line":128,"column":0}},"128":{"start":{"line":129,"column":0},"end":{"line":129,"column":45}},"129":{"start":{"line":130,"column":0},"end":{"line":130,"column":21}},"130":{"start":{"line":131,"column":0},"end":{"line":131,"column":20}},"131":{"start":{"line":132,"column":0},"end":{"line":132,"column":22}},"132":{"start":{"line":133,"column":0},"end":{"line":133,"column":19}},"133":{"start":{"line":134,"column":0},"end":{"line":134,"column":27}},"134":{"start":{"line":135,"column":0},"end":{"line":135,"column":21}},"135":{"start":{"line":136,"column":0},"end":{"line":136,"column":0}},"136":{"start":{"line":137,"column":0},"end":{"line":137,"column":31}},"137":{"start":{"line":138,"column":0},"end":{"line":138,"column":64}},"138":{"start":{"line":139,"column":0},"end":{"line":139,"column":59}},"139":{"start":{"line":140,"column":0},"end":{"line":140,"column":61}},"140":{"start":{"line":141,"column":0},"end":{"line":141,"column":5}},"141":{"start":{"line":142,"column":0},"end":{"line":142,"column":2}},"142":{"start":{"line":143,"column":0},"end":{"line":143,"column":0}},"143":{"start":{"line":144,"column":0},"end":{"line":144,"column":51}},"144":{"start":{"line":145,"column":0},"end":{"line":145,"column":21}},"145":{"start":{"line":146,"column":0},"end":{"line":146,"column":20}},"146":{"start":{"line":147,"column":0},"end":{"line":147,"column":22}},"147":{"start":{"line":148,"column":0},"end":{"line":148,"column":19}},"148":{"start":{"line":149,"column":0},"end":{"line":149,"column":0}},"149":{"start":{"line":150,"column":0},"end":{"line":150,"column":37}},"150":{"start":{"line":151,"column":0},"end":{"line":151,"column":22}},"151":{"start":{"line":152,"column":0},"end":{"line":152,"column":6}},"152":{"start":{"line":153,"column":0},"end":{"line":153,"column":2}},"153":{"start":{"line":154,"column":0},"end":{"line":154,"column":0}},"154":{"start":{"line":155,"column":0},"end":{"line":155,"column":58}},"155":{"start":{"line":156,"column":0},"end":{"line":156,"column":18}},"156":{"start":{"line":157,"column":0},"end":{"line":157,"column":24}},"157":{"start":{"line":158,"column":0},"end":{"line":158,"column":59}},"158":{"start":{"line":159,"column":0},"end":{"line":159,"column":82}},"159":{"start":{"line":160,"column":0},"end":{"line":160,"column":23}},"160":{"start":{"line":161,"column":0},"end":{"line":161,"column":0}},"161":{"start":{"line":162,"column":0},"end":{"line":162,"column":31}},"162":{"start":{"line":163,"column":0},"end":{"line":163,"column":64}},"163":{"start":{"line":164,"column":0},"end":{"line":164,"column":64}},"164":{"start":{"line":165,"column":0},"end":{"line":165,"column":5}},"165":{"start":{"line":166,"column":0},"end":{"line":166,"column":2}},"166":{"start":{"line":167,"column":0},"end":{"line":167,"column":0}},"167":{"start":{"line":168,"column":0},"end":{"line":168,"column":56}},"168":{"start":{"line":169,"column":0},"end":{"line":169,"column":18}},"169":{"start":{"line":170,"column":0},"end":{"line":170,"column":17}},"170":{"start":{"line":171,"column":0},"end":{"line":171,"column":27}},"171":{"start":{"line":172,"column":0},"end":{"line":172,"column":32}},"172":{"start":{"line":173,"column":0},"end":{"line":173,"column":23}},"173":{"start":{"line":174,"column":0},"end":{"line":174,"column":0}},"174":{"start":{"line":175,"column":0},"end":{"line":175,"column":18}},"175":{"start":{"line":176,"column":0},"end":{"line":176,"column":35}},"176":{"start":{"line":177,"column":0},"end":{"line":177,"column":24}},"177":{"start":{"line":178,"column":0},"end":{"line":178,"column":0}},"178":{"start":{"line":179,"column":0},"end":{"line":179,"column":10}},"179":{"start":{"line":180,"column":0},"end":{"line":180,"column":16}},"180":{"start":{"line":181,"column":0},"end":{"line":181,"column":27}},"181":{"start":{"line":182,"column":0},"end":{"line":182,"column":25}},"182":{"start":{"line":183,"column":0},"end":{"line":183,"column":24}},"183":{"start":{"line":184,"column":0},"end":{"line":184,"column":26}},"184":{"start":{"line":185,"column":0},"end":{"line":185,"column":23}},"185":{"start":{"line":186,"column":0},"end":{"line":186,"column":5}},"186":{"start":{"line":187,"column":0},"end":{"line":187,"column":0}},"187":{"start":{"line":188,"column":0},"end":{"line":188,"column":22}},"188":{"start":{"line":189,"column":0},"end":{"line":189,"column":24}},"189":{"start":{"line":190,"column":0},"end":{"line":190,"column":42}},"190":{"start":{"line":191,"column":0},"end":{"line":191,"column":5}},"191":{"start":{"line":192,"column":0},"end":{"line":192,"column":0}},"192":{"start":{"line":193,"column":0},"end":{"line":193,"column":21}},"193":{"start":{"line":194,"column":0},"end":{"line":194,"column":24}},"194":{"start":{"line":195,"column":0},"end":{"line":195,"column":41}},"195":{"start":{"line":196,"column":0},"end":{"line":196,"column":5}},"196":{"start":{"line":197,"column":0},"end":{"line":197,"column":0}},"197":{"start":{"line":198,"column":0},"end":{"line":198,"column":38}},"198":{"start":{"line":199,"column":0},"end":{"line":199,"column":22}},"199":{"start":{"line":200,"column":0},"end":{"line":200,"column":6}},"200":{"start":{"line":201,"column":0},"end":{"line":201,"column":0}},"201":{"start":{"line":202,"column":0},"end":{"line":202,"column":31}},"202":{"start":{"line":203,"column":0},"end":{"line":203,"column":59}},"203":{"start":{"line":204,"column":0},"end":{"line":204,"column":61}},"204":{"start":{"line":205,"column":0},"end":{"line":205,"column":57}},"205":{"start":{"line":206,"column":0},"end":{"line":206,"column":55}},"206":{"start":{"line":207,"column":0},"end":{"line":207,"column":5}},"207":{"start":{"line":208,"column":0},"end":{"line":208,"column":1}},"208":{"start":{"line":209,"column":0},"end":{"line":209,"column":0}},"209":{"start":{"line":210,"column":0},"end":{"line":210,"column":53}},"210":{"start":{"line":211,"column":0},"end":{"line":211,"column":30}},"211":{"start":{"line":212,"column":0},"end":{"line":212,"column":60}},"212":{"start":{"line":213,"column":0},"end":{"line":213,"column":16}},"213":{"start":{"line":214,"column":0},"end":{"line":214,"column":18}},"214":{"start":{"line":215,"column":0},"end":{"line":215,"column":28}},"215":{"start":{"line":216,"column":0},"end":{"line":216,"column":24}},"216":{"start":{"line":217,"column":0},"end":{"line":217,"column":23}},"217":{"start":{"line":218,"column":0},"end":{"line":218,"column":50}},"218":{"start":{"line":219,"column":0},"end":{"line":219,"column":0}},"219":{"start":{"line":220,"column":0},"end":{"line":220,"column":31}},"220":{"start":{"line":221,"column":0},"end":{"line":221,"column":64}},"221":{"start":{"line":222,"column":0},"end":{"line":222,"column":73}},"222":{"start":{"line":223,"column":0},"end":{"line":223,"column":8}},"223":{"start":{"line":224,"column":0},"end":{"line":224,"column":14}},"224":{"start":{"line":225,"column":0},"end":{"line":225,"column":59}},"225":{"start":{"line":226,"column":0},"end":{"line":226,"column":9}},"226":{"start":{"line":227,"column":0},"end":{"line":227,"column":5}},"227":{"start":{"line":228,"column":0},"end":{"line":228,"column":2}},"228":{"start":{"line":229,"column":0},"end":{"line":229,"column":0}},"229":{"start":{"line":230,"column":0},"end":{"line":230,"column":37}},"230":{"start":{"line":231,"column":0},"end":{"line":231,"column":21}},"231":{"start":{"line":232,"column":0},"end":{"line":232,"column":20}},"232":{"start":{"line":233,"column":0},"end":{"line":233,"column":23}},"233":{"start":{"line":234,"column":0},"end":{"line":234,"column":19}},"234":{"start":{"line":235,"column":0},"end":{"line":235,"column":2}},"235":{"start":{"line":236,"column":0},"end":{"line":236,"column":0}},"236":{"start":{"line":237,"column":0},"end":{"line":237,"column":51}},"237":{"start":{"line":238,"column":0},"end":{"line":238,"column":16}},"238":{"start":{"line":239,"column":0},"end":{"line":239,"column":17}},"239":{"start":{"line":240,"column":0},"end":{"line":240,"column":24}},"240":{"start":{"line":241,"column":0},"end":{"line":241,"column":18}},"241":{"start":{"line":242,"column":0},"end":{"line":242,"column":28}},"242":{"start":{"line":243,"column":0},"end":{"line":243,"column":24}},"243":{"start":{"line":244,"column":0},"end":{"line":244,"column":20}},"244":{"start":{"line":245,"column":0},"end":{"line":245,"column":50}},"245":{"start":{"line":246,"column":0},"end":{"line":246,"column":0}},"246":{"start":{"line":247,"column":0},"end":{"line":247,"column":37}},"247":{"start":{"line":248,"column":0},"end":{"line":248,"column":22}},"248":{"start":{"line":249,"column":0},"end":{"line":249,"column":6}},"249":{"start":{"line":250,"column":0},"end":{"line":250,"column":0}},"250":{"start":{"line":251,"column":0},"end":{"line":251,"column":9}},"251":{"start":{"line":252,"column":0},"end":{"line":252,"column":27}},"252":{"start":{"line":253,"column":0},"end":{"line":253,"column":5}},"253":{"start":{"line":254,"column":0},"end":{"line":254,"column":0}},"254":{"start":{"line":255,"column":0},"end":{"line":255,"column":7}},"255":{"start":{"line":256,"column":0},"end":{"line":256,"column":25}},"256":{"start":{"line":257,"column":0},"end":{"line":257,"column":24}},"257":{"start":{"line":258,"column":0},"end":{"line":258,"column":26}},"258":{"start":{"line":259,"column":0},"end":{"line":259,"column":23}},"259":{"start":{"line":260,"column":0},"end":{"line":260,"column":5}},"260":{"start":{"line":261,"column":0},"end":{"line":261,"column":0}},"261":{"start":{"line":262,"column":0},"end":{"line":262,"column":13}},"262":{"start":{"line":263,"column":0},"end":{"line":263,"column":28}},"263":{"start":{"line":264,"column":0},"end":{"line":264,"column":5}},"264":{"start":{"line":265,"column":0},"end":{"line":265,"column":2}}},"s":{"0":1,"1":1,"2":1,"3":1,"4":1,"5":1,"6":1,"7":1,"8":1,"9":1,"10":1,"11":1,"12":1,"13":1,"14":1,"15":1,"16":1,"17":1,"18":1,"19":1,"20":1,"21":1,"22":1,"23":1,"24":1,"25":1,"26":1,"27":1,"28":1,"29":1,"30":1,"31":1,"32":1,"33":1,"34":1,"35":1,"36":1,"37":1,"38":1,"39":1,"40":1,"41":1,"42":1,"43":1,"44":1,"45":1,"46":1,"47":1,"48":1,"49":1,"50":4,"51":4,"52":4,"53":4,"54":4,"55":4,"56":4,"57":4,"58":4,"59":4,"60":4,"61":4,"62":1,"63":1,"64":1,"65":1,"66":1,"67":1,"68":1,"69":1,"70":1,"71":1,"72":1,"73":1,"74":1,"75":1,"76":1,"77":1,"78":1,"79":1,"80":1,"81":1,"82":1,"83":1,"84":1,"85":1,"86":1,"87":1,"88":1,"89":1,"90":1,"91":1,"92":1,"93":1,"94":1,"95":1,"96":1,"97":1,"98":1,"99":1,"100":1,"101":1,"102":1,"103":1,"104":1,"105":1,"106":1,"107":1,"108":1,"109":1,"110":1,"111":1,"112":1,"113":1,"114":1,"115":1,"116":1,"117":1,"118":1,"119":1,"120":1,"121":1,"122":1,"123":1,"124":1,"125":1,"126":1,"127":1,"128":1,"129":1,"130":1,"131":1,"132":1,"133":1,"134":1,"135":1,"136":1,"137":1,"138":1,"139":1,"140":1,"141":1,"142":1,"143":1,"144":1,"145":1,"146":1,"147":1,"148":1,"149":1,"150":4,"151":1,"152":1,"153":1,"154":1,"155":1,"156":1,"157":1,"158":1,"159":1,"160":1,"161":1,"162":1,"163":1,"164":1,"165":1,"166":1,"167":1,"168":1,"169":1,"170":1,"171":1,"172":1,"173":1,"174":1,"175":1,"176":1,"177":1,"178":1,"179":1,"180":1,"181":1,"182":1,"183":1,"184":1,"185":1,"186":1,"187":1,"188":1,"189":1,"190":1,"191":1,"192":1,"193":1,"194":1,"195":1,"196":1,"197":1,"198":9,"199":1,"200":1,"201":1,"202":1,"203":1,"204":1,"205":1,"206":1,"207":1,"208":1,"209":1,"210":1,"211":1,"212":1,"213":1,"214":1,"215":1,"216":1,"217":1,"218":1,"219":1,"220":1,"221":1,"222":1,"223":1,"224":1,"225":1,"226":1,"227":1,"228":1,"229":1,"230":1,"231":1,"232":1,"233":1,"234":1,"235":1,"236":1,"237":1,"238":1,"239":1,"240":1,"241":1,"242":1,"243":1,"244":1,"245":1,"246":1,"247":4,"248":1,"249":1,"250":1,"251":1,"252":1,"253":1,"254":1,"255":1,"256":1,"257":1,"258":1,"259":1,"260":1,"261":1,"262":1,"263":1,"264":1},"branchMap":{"0":{"type":"branch","line":12,"loc":{"start":{"line":12,"column":14},"end":{"line":12,"column":60}},"locations":[{"start":{"line":12,"column":14},"end":{"line":12,"column":60}}]},"1":{"type":"branch","line":12,"loc":{"start":{"line":12,"column":32},"end":{"line":12,"column":53}},"locations":[{"start":{"line":12,"column":32},"end":{"line":12,"column":53}}]},"2":{"type":"branch","line":12,"loc":{"start":{"line":12,"column":43},"end":{"line":12,"column":60}},"locations":[{"start":{"line":12,"column":43},"end":{"line":12,"column":60}}]},"3":{"type":"branch","line":16,"loc":{"start":{"line":16,"column":22},"end":{"line":16,"column":59}},"locations":[{"start":{"line":16,"column":22},"end":{"line":16,"column":59}}]},"4":{"type":"branch","line":16,"loc":{"start":{"line":16,"column":40},"end":{"line":16,"column":59}},"locations":[{"start":{"line":16,"column":40},"end":{"line":16,"column":59}}]},"5":{"type":"branch","line":19,"loc":{"start":{"line":19,"column":23},"end":{"line":19,"column":82}},"locations":[{"start":{"line":19,"column":23},"end":{"line":19,"column":82}}]},"6":{"type":"branch","line":19,"loc":{"start":{"line":19,"column":41},"end":{"line":19,"column":67}},"locations":[{"start":{"line":19,"column":41},"end":{"line":19,"column":67}}]},"7":{"type":"branch","line":19,"loc":{"start":{"line":19,"column":52},"end":{"line":19,"column":82}},"locations":[{"start":{"line":19,"column":52},"end":{"line":19,"column":82}}]},"8":{"type":"branch","line":22,"loc":{"start":{"line":22,"column":17},"end":{"line":22,"column":63}},"locations":[{"start":{"line":22,"column":17},"end":{"line":22,"column":63}}]},"9":{"type":"branch","line":22,"loc":{"start":{"line":22,"column":35},"end":{"line":22,"column":56}},"locations":[{"start":{"line":22,"column":35},"end":{"line":22,"column":56}}]},"10":{"type":"branch","line":22,"loc":{"start":{"line":22,"column":46},"end":{"line":22,"column":63}},"locations":[{"start":{"line":22,"column":46},"end":{"line":22,"column":63}}]},"11":{"type":"branch","line":23,"loc":{"start":{"line":23,"column":18},"end":{"line":23,"column":63}},"locations":[{"start":{"line":23,"column":18},"end":{"line":23,"column":63}}]},"12":{"type":"branch","line":23,"loc":{"start":{"line":23,"column":36},"end":{"line":23,"column":56}},"locations":[{"start":{"line":23,"column":36},"end":{"line":23,"column":56}}]},"13":{"type":"branch","line":23,"loc":{"start":{"line":23,"column":47},"end":{"line":23,"column":63}},"locations":[{"start":{"line":23,"column":47},"end":{"line":23,"column":63}}]},"14":{"type":"branch","line":24,"loc":{"start":{"line":24,"column":22},"end":{"line":24,"column":88}},"locations":[{"start":{"line":24,"column":22},"end":{"line":24,"column":88}}]},"15":{"type":"branch","line":24,"loc":{"start":{"line":24,"column":40},"end":{"line":24,"column":88}},"locations":[{"start":{"line":24,"column":40},"end":{"line":24,"column":88}}]},"16":{"type":"branch","line":25,"loc":{"start":{"line":25,"column":19},"end":{"line":25,"column":66}},"locations":[{"start":{"line":25,"column":19},"end":{"line":25,"column":66}}]},"17":{"type":"branch","line":25,"loc":{"start":{"line":25,"column":37},"end":{"line":25,"column":66}},"locations":[{"start":{"line":25,"column":37},"end":{"line":25,"column":66}}]},"18":{"type":"branch","line":33,"loc":{"start":{"line":33,"column":15},"end":{"line":33,"column":57}},"locations":[{"start":{"line":33,"column":15},"end":{"line":33,"column":57}}]},"19":{"type":"branch","line":33,"loc":{"start":{"line":33,"column":31},"end":{"line":33,"column":51}},"locations":[{"start":{"line":33,"column":31},"end":{"line":33,"column":51}}]},"20":{"type":"branch","line":33,"loc":{"start":{"line":33,"column":42},"end":{"line":33,"column":57}},"locations":[{"start":{"line":33,"column":42},"end":{"line":33,"column":57}}]},"21":{"type":"branch","line":50,"loc":{"start":{"line":50,"column":10},"end":{"line":63,"column":9}},"locations":[{"start":{"line":50,"column":10},"end":{"line":63,"column":9}}]},"22":{"type":"branch","line":50,"loc":{"start":{"line":50,"column":28},"end":{"line":63,"column":9}},"locations":[{"start":{"line":50,"column":28},"end":{"line":63,"column":9}}]},"23":{"type":"branch","line":77,"loc":{"start":{"line":77,"column":26},"end":{"line":77,"column":62}},"locations":[{"start":{"line":77,"column":26},"end":{"line":77,"column":62}}]},"24":{"type":"branch","line":77,"loc":{"start":{"line":77,"column":44},"end":{"line":77,"column":62}},"locations":[{"start":{"line":77,"column":44},"end":{"line":77,"column":62}}]},"25":{"type":"branch","line":78,"loc":{"start":{"line":78,"column":19},"end":{"line":78,"column":53}},"locations":[{"start":{"line":78,"column":19},"end":{"line":78,"column":53}}]},"26":{"type":"branch","line":78,"loc":{"start":{"line":78,"column":37},"end":{"line":78,"column":53}},"locations":[{"start":{"line":78,"column":37},"end":{"line":78,"column":53}}]},"27":{"type":"branch","line":79,"loc":{"start":{"line":79,"column":22},"end":{"line":79,"column":56}},"locations":[{"start":{"line":79,"column":22},"end":{"line":79,"column":56}}]},"28":{"type":"branch","line":79,"loc":{"start":{"line":79,"column":40},"end":{"line":79,"column":56}},"locations":[{"start":{"line":79,"column":40},"end":{"line":79,"column":56}}]},"29":{"type":"branch","line":86,"loc":{"start":{"line":86,"column":14},"end":{"line":86,"column":59}},"locations":[{"start":{"line":86,"column":14},"end":{"line":86,"column":59}}]},"30":{"type":"branch","line":86,"loc":{"start":{"line":86,"column":32},"end":{"line":86,"column":52}},"locations":[{"start":{"line":86,"column":32},"end":{"line":86,"column":52}}]},"31":{"type":"branch","line":86,"loc":{"start":{"line":86,"column":43},"end":{"line":86,"column":59}},"locations":[{"start":{"line":86,"column":43},"end":{"line":86,"column":59}}]},"32":{"type":"branch","line":93,"loc":{"start":{"line":93,"column":18},"end":{"line":93,"column":63}},"locations":[{"start":{"line":93,"column":18},"end":{"line":93,"column":63}}]},"33":{"type":"branch","line":93,"loc":{"start":{"line":93,"column":36},"end":{"line":93,"column":56}},"locations":[{"start":{"line":93,"column":36},"end":{"line":93,"column":56}}]},"34":{"type":"branch","line":93,"loc":{"start":{"line":93,"column":47},"end":{"line":93,"column":63}},"locations":[{"start":{"line":93,"column":47},"end":{"line":93,"column":63}}]},"35":{"type":"branch","line":94,"loc":{"start":{"line":94,"column":24},"end":{"line":94,"column":63}},"locations":[{"start":{"line":94,"column":24},"end":{"line":94,"column":63}}]},"36":{"type":"branch","line":94,"loc":{"start":{"line":94,"column":42},"end":{"line":94,"column":63}},"locations":[{"start":{"line":94,"column":42},"end":{"line":94,"column":63}}]},"37":{"type":"branch","line":100,"loc":{"start":{"line":100,"column":14},"end":{"line":100,"column":59}},"locations":[{"start":{"line":100,"column":14},"end":{"line":100,"column":59}}]},"38":{"type":"branch","line":100,"loc":{"start":{"line":100,"column":32},"end":{"line":100,"column":52}},"locations":[{"start":{"line":100,"column":32},"end":{"line":100,"column":52}}]},"39":{"type":"branch","line":100,"loc":{"start":{"line":100,"column":43},"end":{"line":100,"column":59}},"locations":[{"start":{"line":100,"column":43},"end":{"line":100,"column":59}}]},"40":{"type":"branch","line":104,"loc":{"start":{"line":104,"column":18},"end":{"line":104,"column":63}},"locations":[{"start":{"line":104,"column":18},"end":{"line":104,"column":63}}]},"41":{"type":"branch","line":104,"loc":{"start":{"line":104,"column":36},"end":{"line":104,"column":56}},"locations":[{"start":{"line":104,"column":36},"end":{"line":104,"column":56}}]},"42":{"type":"branch","line":104,"loc":{"start":{"line":104,"column":47},"end":{"line":104,"column":63}},"locations":[{"start":{"line":104,"column":47},"end":{"line":104,"column":63}}]},"43":{"type":"branch","line":105,"loc":{"start":{"line":105,"column":23},"end":{"line":105,"column":61}},"locations":[{"start":{"line":105,"column":23},"end":{"line":105,"column":61}}]},"44":{"type":"branch","line":105,"loc":{"start":{"line":105,"column":41},"end":{"line":105,"column":58}},"locations":[{"start":{"line":105,"column":41},"end":{"line":105,"column":58}}]},"45":{"type":"branch","line":105,"loc":{"start":{"line":105,"column":52},"end":{"line":105,"column":61}},"locations":[{"start":{"line":105,"column":52},"end":{"line":105,"column":61}}]},"46":{"type":"branch","line":111,"loc":{"start":{"line":111,"column":22},"end":{"line":111,"column":67}},"locations":[{"start":{"line":111,"column":22},"end":{"line":111,"column":67}}]},"47":{"type":"branch","line":111,"loc":{"start":{"line":111,"column":40},"end":{"line":111,"column":62}},"locations":[{"start":{"line":111,"column":40},"end":{"line":111,"column":62}}]},"48":{"type":"branch","line":111,"loc":{"start":{"line":111,"column":51},"end":{"line":111,"column":67}},"locations":[{"start":{"line":111,"column":51},"end":{"line":111,"column":67}}]},"49":{"type":"branch","line":115,"loc":{"start":{"line":115,"column":14},"end":{"line":115,"column":58}},"locations":[{"start":{"line":115,"column":14},"end":{"line":115,"column":58}}]},"50":{"type":"branch","line":115,"loc":{"start":{"line":115,"column":32},"end":{"line":115,"column":52}},"locations":[{"start":{"line":115,"column":32},"end":{"line":115,"column":52}}]},"51":{"type":"branch","line":115,"loc":{"start":{"line":115,"column":43},"end":{"line":115,"column":58}},"locations":[{"start":{"line":115,"column":43},"end":{"line":115,"column":58}}]},"52":{"type":"branch","line":119,"loc":{"start":{"line":119,"column":17},"end":{"line":119,"column":54}},"locations":[{"start":{"line":119,"column":17},"end":{"line":119,"column":54}}]},"53":{"type":"branch","line":119,"loc":{"start":{"line":119,"column":35},"end":{"line":119,"column":54}},"locations":[{"start":{"line":119,"column":35},"end":{"line":119,"column":54}}]},"54":{"type":"branch","line":120,"loc":{"start":{"line":120,"column":18},"end":{"line":120,"column":55}},"locations":[{"start":{"line":120,"column":18},"end":{"line":120,"column":55}}]},"55":{"type":"branch","line":120,"loc":{"start":{"line":120,"column":36},"end":{"line":120,"column":55}},"locations":[{"start":{"line":120,"column":36},"end":{"line":120,"column":55}}]},"56":{"type":"branch","line":121,"loc":{"start":{"line":121,"column":26},"end":{"line":121,"column":62}},"locations":[{"start":{"line":121,"column":26},"end":{"line":121,"column":62}}]},"57":{"type":"branch","line":121,"loc":{"start":{"line":121,"column":44},"end":{"line":121,"column":62}},"locations":[{"start":{"line":121,"column":44},"end":{"line":121,"column":62}}]},"58":{"type":"branch","line":138,"loc":{"start":{"line":138,"column":17},"end":{"line":138,"column":62}},"locations":[{"start":{"line":138,"column":17},"end":{"line":138,"column":62}}]},"59":{"type":"branch","line":138,"loc":{"start":{"line":138,"column":35},"end":{"line":138,"column":56}},"locations":[{"start":{"line":138,"column":35},"end":{"line":138,"column":56}}]},"60":{"type":"branch","line":138,"loc":{"start":{"line":138,"column":46},"end":{"line":138,"column":62}},"locations":[{"start":{"line":138,"column":46},"end":{"line":138,"column":62}}]},"61":{"type":"branch","line":139,"loc":{"start":{"line":139,"column":21},"end":{"line":139,"column":58}},"locations":[{"start":{"line":139,"column":21},"end":{"line":139,"column":58}}]},"62":{"type":"branch","line":139,"loc":{"start":{"line":139,"column":39},"end":{"line":139,"column":58}},"locations":[{"start":{"line":139,"column":39},"end":{"line":139,"column":58}}]},"63":{"type":"branch","line":140,"loc":{"start":{"line":140,"column":23},"end":{"line":140,"column":60}},"locations":[{"start":{"line":140,"column":23},"end":{"line":140,"column":60}}]},"64":{"type":"branch","line":140,"loc":{"start":{"line":140,"column":41},"end":{"line":140,"column":60}},"locations":[{"start":{"line":140,"column":41},"end":{"line":140,"column":60}}]},"65":{"type":"branch","line":150,"loc":{"start":{"line":150,"column":6},"end":{"line":152,"column":5}},"locations":[{"start":{"line":150,"column":6},"end":{"line":152,"column":5}}]},"66":{"type":"branch","line":150,"loc":{"start":{"line":150,"column":24},"end":{"line":152,"column":5}},"locations":[{"start":{"line":150,"column":24},"end":{"line":152,"column":5}}]},"67":{"type":"branch","line":158,"loc":{"start":{"line":158,"column":13},"end":{"line":158,"column":57}},"locations":[{"start":{"line":158,"column":13},"end":{"line":158,"column":57}}]},"68":{"type":"branch","line":158,"loc":{"start":{"line":158,"column":31},"end":{"line":158,"column":51}},"locations":[{"start":{"line":158,"column":31},"end":{"line":158,"column":51}}]},"69":{"type":"branch","line":158,"loc":{"start":{"line":158,"column":42},"end":{"line":158,"column":57}},"locations":[{"start":{"line":158,"column":42},"end":{"line":158,"column":57}}]},"70":{"type":"branch","line":159,"loc":{"start":{"line":159,"column":23},"end":{"line":159,"column":80}},"locations":[{"start":{"line":159,"column":23},"end":{"line":159,"column":80}}]},"71":{"type":"branch","line":159,"loc":{"start":{"line":159,"column":41},"end":{"line":159,"column":70}},"locations":[{"start":{"line":159,"column":41},"end":{"line":159,"column":70}}]},"72":{"type":"branch","line":159,"loc":{"start":{"line":159,"column":52},"end":{"line":159,"column":80}},"locations":[{"start":{"line":159,"column":52},"end":{"line":159,"column":80}}]},"73":{"type":"branch","line":163,"loc":{"start":{"line":163,"column":17},"end":{"line":163,"column":62}},"locations":[{"start":{"line":163,"column":17},"end":{"line":163,"column":62}}]},"74":{"type":"branch","line":163,"loc":{"start":{"line":163,"column":35},"end":{"line":163,"column":56}},"locations":[{"start":{"line":163,"column":35},"end":{"line":163,"column":56}}]},"75":{"type":"branch","line":163,"loc":{"start":{"line":163,"column":46},"end":{"line":163,"column":62}},"locations":[{"start":{"line":163,"column":46},"end":{"line":163,"column":62}}]},"76":{"type":"branch","line":164,"loc":{"start":{"line":164,"column":18},"end":{"line":164,"column":62}},"locations":[{"start":{"line":164,"column":18},"end":{"line":164,"column":62}}]},"77":{"type":"branch","line":164,"loc":{"start":{"line":164,"column":36},"end":{"line":164,"column":56}},"locations":[{"start":{"line":164,"column":36},"end":{"line":164,"column":56}}]},"78":{"type":"branch","line":164,"loc":{"start":{"line":164,"column":47},"end":{"line":164,"column":62}},"locations":[{"start":{"line":164,"column":47},"end":{"line":164,"column":62}}]},"79":{"type":"branch","line":198,"loc":{"start":{"line":198,"column":6},"end":{"line":200,"column":5}},"locations":[{"start":{"line":198,"column":6},"end":{"line":200,"column":5}}]},"80":{"type":"branch","line":198,"loc":{"start":{"line":198,"column":25},"end":{"line":200,"column":5}},"locations":[{"start":{"line":198,"column":25},"end":{"line":200,"column":5}}]},"81":{"type":"branch","line":203,"loc":{"start":{"line":203,"column":21},"end":{"line":203,"column":58}},"locations":[{"start":{"line":203,"column":21},"end":{"line":203,"column":58}}]},"82":{"type":"branch","line":203,"loc":{"start":{"line":203,"column":39},"end":{"line":203,"column":58}},"locations":[{"start":{"line":203,"column":39},"end":{"line":203,"column":58}}]},"83":{"type":"branch","line":204,"loc":{"start":{"line":204,"column":23},"end":{"line":204,"column":60}},"locations":[{"start":{"line":204,"column":23},"end":{"line":204,"column":60}}]},"84":{"type":"branch","line":204,"loc":{"start":{"line":204,"column":41},"end":{"line":204,"column":60}},"locations":[{"start":{"line":204,"column":41},"end":{"line":204,"column":60}}]},"85":{"type":"branch","line":205,"loc":{"start":{"line":205,"column":19},"end":{"line":205,"column":56}},"locations":[{"start":{"line":205,"column":19},"end":{"line":205,"column":56}}]},"86":{"type":"branch","line":205,"loc":{"start":{"line":205,"column":37},"end":{"line":205,"column":56}},"locations":[{"start":{"line":205,"column":37},"end":{"line":205,"column":56}}]},"87":{"type":"branch","line":206,"loc":{"start":{"line":206,"column":17},"end":{"line":206,"column":54}},"locations":[{"start":{"line":206,"column":17},"end":{"line":206,"column":54}}]},"88":{"type":"branch","line":206,"loc":{"start":{"line":206,"column":35},"end":{"line":206,"column":54}},"locations":[{"start":{"line":206,"column":35},"end":{"line":206,"column":54}}]},"89":{"type":"branch","line":212,"loc":{"start":{"line":212,"column":14},"end":{"line":212,"column":58}},"locations":[{"start":{"line":212,"column":14},"end":{"line":212,"column":58}}]},"90":{"type":"branch","line":212,"loc":{"start":{"line":212,"column":32},"end":{"line":212,"column":52}},"locations":[{"start":{"line":212,"column":32},"end":{"line":212,"column":52}}]},"91":{"type":"branch","line":212,"loc":{"start":{"line":212,"column":43},"end":{"line":212,"column":58}},"locations":[{"start":{"line":212,"column":43},"end":{"line":212,"column":58}}]},"92":{"type":"branch","line":221,"loc":{"start":{"line":221,"column":18},"end":{"line":221,"column":62}},"locations":[{"start":{"line":221,"column":18},"end":{"line":221,"column":62}}]},"93":{"type":"branch","line":221,"loc":{"start":{"line":221,"column":36},"end":{"line":221,"column":56}},"locations":[{"start":{"line":221,"column":36},"end":{"line":221,"column":56}}]},"94":{"type":"branch","line":221,"loc":{"start":{"line":221,"column":47},"end":{"line":221,"column":62}},"locations":[{"start":{"line":221,"column":47},"end":{"line":221,"column":62}}]},"95":{"type":"branch","line":222,"loc":{"start":{"line":222,"column":28},"end":{"line":222,"column":72}},"locations":[{"start":{"line":222,"column":28},"end":{"line":222,"column":72}}]},"96":{"type":"branch","line":222,"loc":{"start":{"line":222,"column":46},"end":{"line":222,"column":72}},"locations":[{"start":{"line":222,"column":46},"end":{"line":222,"column":72}}]},"97":{"type":"branch","line":225,"loc":{"start":{"line":225,"column":21},"end":{"line":225,"column":58}},"locations":[{"start":{"line":225,"column":21},"end":{"line":225,"column":58}}]},"98":{"type":"branch","line":225,"loc":{"start":{"line":225,"column":39},"end":{"line":225,"column":58}},"locations":[{"start":{"line":225,"column":39},"end":{"line":225,"column":58}}]},"99":{"type":"branch","line":247,"loc":{"start":{"line":247,"column":6},"end":{"line":249,"column":5}},"locations":[{"start":{"line":247,"column":6},"end":{"line":249,"column":5}}]},"100":{"type":"branch","line":247,"loc":{"start":{"line":247,"column":24},"end":{"line":249,"column":5}},"locations":[{"start":{"line":247,"column":24},"end":{"line":249,"column":5}}]}},"b":{"0":[13],"1":[4],"2":[9],"3":[13],"4":[4],"5":[13],"6":[4],"7":[9],"8":[13],"9":[4],"10":[9],"11":[13],"12":[4],"13":[9],"14":[13],"15":[4],"16":[13],"17":[4],"18":[13],"19":[4],"20":[9],"21":[13],"22":[4],"23":[13],"24":[4],"25":[13],"26":[4],"27":[13],"28":[4],"29":[13],"30":[4],"31":[9],"32":[13],"33":[4],"34":[9],"35":[13],"36":[4],"37":[13],"38":[4],"39":[9],"40":[13],"41":[4],"42":[9],"43":[13],"44":[4],"45":[9],"46":[13],"47":[4],"48":[9],"49":[13],"50":[4],"51":[9],"52":[13],"53":[4],"54":[13],"55":[4],"56":[13],"57":[4],"58":[13],"59":[4],"60":[9],"61":[13],"62":[4],"63":[13],"64":[4],"65":[13],"66":[4],"67":[13],"68":[4],"69":[9],"70":[13],"71":[4],"72":[9],"73":[13],"74":[4],"75":[9],"76":[13],"77":[4],"78":[9],"79":[13],"80":[9],"81":[13],"82":[4],"83":[13],"84":[4],"85":[13],"86":[4],"87":[13],"88":[4],"89":[13],"90":[4],"91":[9],"92":[13],"93":[4],"94":[9],"95":[13],"96":[4],"97":[13],"98":[4],"99":[13],"100":[4]},"fnMap":{"0":{"name":"Object.<anonymous>._styledComponents.default.div.shopCart.shopCart","decl":{"start":{"line":12,"column":14},"end":{"line":12,"column":60}},"loc":{"start":{"line":12,"column":14},"end":{"line":12,"column":60}},"line":12},"1":{"name":"Object.<anonymous>._styledComponents.default.div.shopCart.shopCart","decl":{"start":{"line":16,"column":22},"end":{"line":16,"column":59}},"loc":{"start":{"line":16,"column":22},"end":{"line":16,"column":59}},"line":16},"2":{"name":"Object.<anonymous>._styledComponents.default.div.shopCart.shopCart","decl":{"start":{"line":19,"column":23},"end":{"line":19,"column":82}},"loc":{"start":{"line":19,"column":23},"end":{"line":19,"column":82}},"line":19},"3":{"name":"Object.<anonymous>._styledComponents.default.div.shopCart.shopCart","decl":{"start":{"line":22,"column":17},"end":{"line":22,"column":63}},"loc":{"start":{"line":22,"column":17},"end":{"line":22,"column":63}},"line":22},"4":{"name":"Object.<anonymous>._styledComponents.default.div.shopCart.shopCart","decl":{"start":{"line":23,"column":18},"end":{"line":23,"column":63}},"loc":{"start":{"line":23,"column":18},"end":{"line":23,"column":63}},"line":23},"5":{"name":"Object.<anonymous>._styledComponents.default.div.shopCart.shopCart","decl":{"start":{"line":24,"column":22},"end":{"line":24,"column":88}},"loc":{"start":{"line":24,"column":22},"end":{"line":24,"column":88}},"line":24},"6":{"name":"Object.<anonymous>._styledComponents.default.div.shopCart.shopCart","decl":{"start":{"line":33,"column":15},"end":{"line":33,"column":57}},"loc":{"start":{"line":33,"column":15},"end":{"line":33,"column":57}},"line":33},"7":{"name":"Object.<anonymous>._styledComponents.default.div.shopCart.shopCart","decl":{"start":{"line":77,"column":26},"end":{"line":77,"column":62}},"loc":{"start":{"line":77,"column":26},"end":{"line":77,"column":62}},"line":77},"8":{"name":"Object.<anonymous>._styledComponents.default.div.shopCart.shopCart","decl":{"start":{"line":78,"column":19},"end":{"line":78,"column":53}},"loc":{"start":{"line":78,"column":19},"end":{"line":78,"column":53}},"line":78},"9":{"name":"Object.<anonymous>._styledComponents.default.div.shopCart.shopCart","decl":{"start":{"line":86,"column":14},"end":{"line":86,"column":59}},"loc":{"start":{"line":86,"column":14},"end":{"line":86,"column":59}},"line":86},"10":{"name":"Object.<anonymous>._styledComponents.default.div.shopCart.shopCart","decl":{"start":{"line":93,"column":18},"end":{"line":93,"column":63}},"loc":{"start":{"line":93,"column":18},"end":{"line":93,"column":63}},"line":93},"11":{"name":"Object.<anonymous>._styledComponents.default.img.shopCart.shopCart","decl":{"start":{"line":100,"column":14},"end":{"line":100,"column":59}},"loc":{"start":{"line":100,"column":14},"end":{"line":100,"column":59}},"line":100},"12":{"name":"Object.<anonymous>._styledComponents.default.img.shopCart.shopCart","decl":{"start":{"line":104,"column":18},"end":{"line":104,"column":63}},"loc":{"start":{"line":104,"column":18},"end":{"line":104,"column":63}},"line":104},"13":{"name":"Object.<anonymous>._styledComponents.default.header.shopCart.shopCart","decl":{"start":{"line":111,"column":22},"end":{"line":111,"column":67}},"loc":{"start":{"line":111,"column":22},"end":{"line":111,"column":67}},"line":111},"14":{"name":"Object.<anonymous>._styledComponents.default.header.shopCart.shopCart","decl":{"start":{"line":115,"column":14},"end":{"line":115,"column":58}},"loc":{"start":{"line":115,"column":14},"end":{"line":115,"column":58}},"line":115},"15":{"name":"Object.<anonymous>._styledComponents.default.header.shopCart.shopCart","decl":{"start":{"line":119,"column":17},"end":{"line":119,"column":54}},"loc":{"start":{"line":119,"column":17},"end":{"line":119,"column":54}},"line":119},"16":{"name":"Object.<anonymous>._styledComponents.default.header.shopCart.shopCart","decl":{"start":{"line":120,"column":18},"end":{"line":120,"column":55}},"loc":{"start":{"line":120,"column":18},"end":{"line":120,"column":55}},"line":120},"17":{"name":"Object.<anonymous>._styledComponents.default.p.shopCart.shopCart","decl":{"start":{"line":138,"column":17},"end":{"line":138,"column":62}},"loc":{"start":{"line":138,"column":17},"end":{"line":138,"column":62}},"line":138},"18":{"name":"Object.<anonymous>._styledComponents.default.p.shopCart.shopCart","decl":{"start":{"line":139,"column":21},"end":{"line":139,"column":58}},"loc":{"start":{"line":139,"column":21},"end":{"line":139,"column":58}},"line":139},"19":{"name":"Object.<anonymous>._styledComponents.default.div.shopCart.shopCart","decl":{"start":{"line":158,"column":13},"end":{"line":158,"column":57}},"loc":{"start":{"line":158,"column":13},"end":{"line":158,"column":57}},"line":158},"20":{"name":"Object.<anonymous>._styledComponents.default.div.shopCart.shopCart","decl":{"start":{"line":159,"column":23},"end":{"line":159,"column":80}},"loc":{"start":{"line":159,"column":23},"end":{"line":159,"column":80}},"line":159},"21":{"name":"Object.<anonymous>._styledComponents.default.div.shopCart.shopCart","decl":{"start":{"line":163,"column":17},"end":{"line":163,"column":62}},"loc":{"start":{"line":163,"column":17},"end":{"line":163,"column":62}},"line":163},"22":{"name":"Object.<anonymous>._styledComponents.default.div.shopCart.shopCart","decl":{"start":{"line":198,"column":6},"end":{"line":200,"column":5}},"loc":{"start":{"line":198,"column":6},"end":{"line":200,"column":5}},"line":198},"23":{"name":"Object.<anonymous>._styledComponents.default.div.shopCart.shopCart","decl":{"start":{"line":203,"column":21},"end":{"line":203,"column":58}},"loc":{"start":{"line":203,"column":21},"end":{"line":203,"column":58}},"line":203},"24":{"name":"Object.<anonymous>._styledComponents.default.div.shopCart.shopCart","decl":{"start":{"line":204,"column":23},"end":{"line":204,"column":60}},"loc":{"start":{"line":204,"column":23},"end":{"line":204,"column":60}},"line":204},"25":{"name":"Object.<anonymous>._styledComponents.default.div.shopCart.shopCart","decl":{"start":{"line":205,"column":19},"end":{"line":205,"column":56}},"loc":{"start":{"line":205,"column":19},"end":{"line":205,"column":56}},"line":205},"26":{"name":"Object.<anonymous>._styledComponents.default.div.shopCart.shopCart","decl":{"start":{"line":212,"column":14},"end":{"line":212,"column":58}},"loc":{"start":{"line":212,"column":14},"end":{"line":212,"column":58}},"line":212},"27":{"name":"Object.<anonymous>._styledComponents.default.div.shopCart.shopCart","decl":{"start":{"line":221,"column":18},"end":{"line":221,"column":62}},"loc":{"start":{"line":221,"column":18},"end":{"line":221,"column":62}},"line":221},"28":{"name":"Object.<anonymous>._styledComponents.default.div.shopCart.shopCart","decl":{"start":{"line":222,"column":28},"end":{"line":222,"column":72}},"loc":{"start":{"line":222,"column":28},"end":{"line":222,"column":72}},"line":222}},"f":{"0":13,"1":13,"2":13,"3":13,"4":13,"5":13,"6":13,"7":13,"8":13,"9":13,"10":13,"11":13,"12":13,"13":13,"14":13,"15":13,"16":13,"17":13,"18":13,"19":13,"20":13,"21":13,"22":13,"23":13,"24":13,"25":13,"26":13,"27":13,"28":13}}
,"/home/andresds/Documentos/mks-web-app/src/components/ProductList/ProductList.tsx": {"path":"/home/andresds/Documentos/mks-web-app/src/components/ProductList/ProductList.tsx","all":false,"statementMap":{"0":{"start":{"line":1,"column":0},"end":{"line":1,"column":77}},"1":{"start":{"line":2,"column":0},"end":{"line":2,"column":57}},"2":{"start":{"line":3,"column":0},"end":{"line":3,"column":72}},"3":{"start":{"line":4,"column":0},"end":{"line":4,"column":37}},"4":{"start":{"line":5,"column":0},"end":{"line":5,"column":0}},"5":{"start":{"line":6,"column":0},"end":{"line":6,"column":34}},"6":{"start":{"line":7,"column":0},"end":{"line":7,"column":69}},"7":{"start":{"line":8,"column":0},"end":{"line":8,"column":0}},"8":{"start":{"line":9,"column":0},"end":{"line":9,"column":10}},"9":{"start":{"line":10,"column":0},"end":{"line":10,"column":6}},"10":{"start":{"line":11,"column":0},"end":{"line":11,"column":32}},"11":{"start":{"line":12,"column":0},"end":{"line":12,"column":28}},"12":{"start":{"line":13,"column":0},"end":{"line":13,"column":11}},"13":{"start":{"line":14,"column":0},"end":{"line":14,"column":46}},"14":{"start":{"line":15,"column":0},"end":{"line":15,"column":38}},"15":{"start":{"line":16,"column":0},"end":{"line":16,"column":62}},"16":{"start":{"line":17,"column":0},"end":{"line":17,"column":13}},"17":{"start":{"line":18,"column":0},"end":{"line":18,"column":20}},"18":{"start":{"line":19,"column":0},"end":{"line":19,"column":8}},"19":{"start":{"line":20,"column":0},"end":{"line":20,"column":7}},"20":{"start":{"line":21,"column":0},"end":{"line":21,"column":4}},"21":{"start":{"line":22,"column":0},"end":{"line":22,"column":2}}},"s":{"0":1,"1":1,"2":1,"3":1,"4":1,"5":1,"6":9,"7":9,"8":9,"9":9,"10":9,"11":8,"12":1,"13":1,"14":1,"15":1,"16":1,"17":1,"18":1,"19":9,"20":9,"21":9},"branchMap":{"0":{"type":"branch","line":6,"loc":{"start":{"line":6,"column":13},"end":{"line":6,"column":27}},"locations":[{"start":{"line":6,"column":13},"end":{"line":6,"column":27}}]},"1":{"type":"branch","line":6,"loc":{"start":{"line":6,"column":27},"end":{"line":22,"column":2}},"locations":[{"start":{"line":6,"column":27},"end":{"line":22,"column":2}}]},"2":{"type":"branch","line":11,"loc":{"start":{"line":11,"column":27},"end":{"line":12,"column":28}},"locations":[{"start":{"line":11,"column":27},"end":{"line":12,"column":28}}]},"3":{"type":"branch","line":12,"loc":{"start":{"line":12,"column":25},"end":{"line":19,"column":8}},"locations":[{"start":{"line":12,"column":25},"end":{"line":19,"column":8}}]},"4":{"type":"branch","line":7,"loc":{"start":{"line":7,"column":42},"end":{"line":7,"column":67}},"locations":[{"start":{"line":7,"column":42},"end":{"line":7,"column":67}}]},"5":{"type":"branch","line":15,"loc":{"start":{"line":15,"column":24},"end":{"line":16,"column":42}},"locations":[{"start":{"line":15,"column":24},"end":{"line":16,"column":42}}]}},"b":{"0":[8],"1":[9],"2":[8],"3":[1],"4":[10],"5":[6]},"fnMap":{"0":{"name":"get","decl":{"start":{"line":6,"column":13},"end":{"line":6,"column":27}},"loc":{"start":{"line":6,"column":13},"end":{"line":6,"column":27}},"line":6},"1":{"name":"ProductList","decl":{"start":{"line":6,"column":27},"end":{"line":22,"column":2}},"loc":{"start":{"line":6,"column":27},"end":{"line":22,"column":2}},"line":6}},"f":{"0":8,"1":9}}
,"/home/andresds/Documentos/mks-web-app/src/components/ProductList/styles.ts": {"path":"/home/andresds/Documentos/mks-web-app/src/components/ProductList/styles.ts","all":false,"statementMap":{"0":{"start":{"line":1,"column":0},"end":{"line":1,"column":39}},"1":{"start":{"line":2,"column":0},"end":{"line":2,"column":0}},"2":{"start":{"line":3,"column":0},"end":{"line":3,"column":36}},"3":{"start":{"line":4,"column":0},"end":{"line":4,"column":18}},"4":{"start":{"line":5,"column":0},"end":{"line":5,"column":27}},"5":{"start":{"line":6,"column":0},"end":{"line":6,"column":28}},"6":{"start":{"line":7,"column":0},"end":{"line":7,"column":24}},"7":{"start":{"line":8,"column":0},"end":{"line":8,"column":14}},"8":{"start":{"line":9,"column":0},"end":{"line":9,"column":26}},"9":{"start":{"line":10,"column":0},"end":{"line":10,"column":0}},"10":{"start":{"line":11,"column":0},"end":{"line":11,"column":31}},"11":{"start":{"line":12,"column":0},"end":{"line":12,"column":28}},"12":{"start":{"line":13,"column":0},"end":{"line":13,"column":24}},"13":{"start":{"line":14,"column":0},"end":{"line":14,"column":25}},"14":{"start":{"line":15,"column":0},"end":{"line":15,"column":5}},"15":{"start":{"line":16,"column":0},"end":{"line":16,"column":2}}},"s":{"0":1,"1":1,"2":1,"3":1,"4":1,"5":1,"6":1,"7":1,"8":1,"9":1,"10":1,"11":1,"12":1,"13":1,"14":1,"15":1},"branchMap":{"0":{"type":"branch","line":3,"loc":{"start":{"line":3,"column":13},"end":{"line":3,"column":25}},"locations":[{"start":{"line":3,"column":13},"end":{"line":3,"column":25}}]}},"b":{"0":[1]},"fnMap":{"0":{"name":"get","decl":{"start":{"line":3,"column":13},"end":{"line":3,"column":25}},"loc":{"start":{"line":3,"column":13},"end":{"line":3,"column":25}},"line":3}},"f":{"0":1}}
,"/home/andresds/Documentos/mks-web-app/src/components/ShimmerComponent/ShimmerComponent.tsx": {"path":"/home/andresds/Documentos/mks-web-app/src/components/ShimmerComponent/ShimmerComponent.tsx","all":false,"statementMap":{"0":{"start":{"line":1,"column":0},"end":{"line":1,"column":98}},"1":{"start":{"line":2,"column":0},"end":{"line":2,"column":0}},"2":{"start":{"line":3,"column":0},"end":{"line":3,"column":39}},"3":{"start":{"line":4,"column":0},"end":{"line":4,"column":41}},"4":{"start":{"line":5,"column":0},"end":{"line":5,"column":0}},"5":{"start":{"line":6,"column":0},"end":{"line":6,"column":10}},"6":{"start":{"line":7,"column":0},"end":{"line":7,"column":37}},"7":{"start":{"line":8,"column":0},"end":{"line":8,"column":41}},"8":{"start":{"line":9,"column":0},"end":{"line":9,"column":28}},"9":{"start":{"line":10,"column":0},"end":{"line":10,"column":25}},"10":{"start":{"line":11,"column":0},"end":{"line":11,"column":0}},"11":{"start":{"line":12,"column":0},"end":{"line":12,"column":26}},"12":{"start":{"line":13,"column":0},"end":{"line":13,"column":0}},"13":{"start":{"line":14,"column":0},"end":{"line":14,"column":31}},"14":{"start":{"line":15,"column":0},"end":{"line":15,"column":0}},"15":{"start":{"line":16,"column":0},"end":{"line":16,"column":29}},"16":{"start":{"line":17,"column":0},"end":{"line":17,"column":17}},"17":{"start":{"line":18,"column":0},"end":{"line":18,"column":11}},"18":{"start":{"line":19,"column":0},"end":{"line":19,"column":16}},"19":{"start":{"line":20,"column":0},"end":{"line":20,"column":4}},"20":{"start":{"line":21,"column":0},"end":{"line":21,"column":1}}},"s":{"0":1,"1":1,"2":1,"3":8,"4":8,"5":8,"6":8,"7":8,"8":48,"9":8,"10":8,"11":8,"12":8,"13":8,"14":8,"15":8,"16":8,"17":8,"18":8,"19":8,"20":8},"branchMap":{"0":{"type":"branch","line":3,"loc":{"start":{"line":3,"column":13},"end":{"line":3,"column":32}},"locations":[{"start":{"line":3,"column":13},"end":{"line":3,"column":32}}]},"1":{"type":"branch","line":3,"loc":{"start":{"line":3,"column":32},"end":{"line":21,"column":1}},"locations":[{"start":{"line":3,"column":32},"end":{"line":21,"column":1}}]},"2":{"type":"branch","line":8,"loc":{"start":{"line":8,"column":23},"end":{"line":9,"column":28}},"locations":[{"start":{"line":8,"column":23},"end":{"line":9,"column":28}}]}},"b":{"0":[8],"1":[8],"2":[48]},"fnMap":{"0":{"name":"get","decl":{"start":{"line":3,"column":13},"end":{"line":3,"column":32}},"loc":{"start":{"line":3,"column":13},"end":{"line":3,"column":32}},"line":3},"1":{"name":"ShimmerComponent","decl":{"start":{"line":3,"column":32},"end":{"line":21,"column":1}},"loc":{"start":{"line":3,"column":32},"end":{"line":21,"column":1}},"line":3}},"f":{"0":8,"1":8}}
,"/home/andresds/Documentos/mks-web-app/src/components/ShimmerComponent/styles.ts": {"path":"/home/andresds/Documentos/mks-web-app/src/components/ShimmerComponent/styles.ts","all":false,"statementMap":{"0":{"start":{"line":1,"column":0},"end":{"line":1,"column":39}},"1":{"start":{"line":2,"column":0},"end":{"line":2,"column":46}},"2":{"start":{"line":3,"column":0},"end":{"line":3,"column":50}},"3":{"start":{"line":4,"column":0},"end":{"line":4,"column":0}},"4":{"start":{"line":5,"column":0},"end":{"line":5,"column":36}},"5":{"start":{"line":6,"column":0},"end":{"line":6,"column":17}},"6":{"start":{"line":7,"column":0},"end":{"line":7,"column":18}},"7":{"start":{"line":8,"column":0},"end":{"line":8,"column":24}},"8":{"start":{"line":9,"column":0},"end":{"line":9,"column":20}},"9":{"start":{"line":10,"column":0},"end":{"line":10,"column":24}},"10":{"start":{"line":11,"column":0},"end":{"line":11,"column":28}},"11":{"start":{"line":12,"column":0},"end":{"line":12,"column":14}},"12":{"start":{"line":13,"column":0},"end":{"line":13,"column":0}},"13":{"start":{"line":14,"column":0},"end":{"line":14,"column":31}},"14":{"start":{"line":15,"column":0},"end":{"line":15,"column":20}},"15":{"start":{"line":16,"column":0},"end":{"line":16,"column":31}},"16":{"start":{"line":17,"column":0},"end":{"line":17,"column":5}},"17":{"start":{"line":18,"column":0},"end":{"line":18,"column":2}},"18":{"start":{"line":19,"column":0},"end":{"line":19,"column":0}},"19":{"start":{"line":20,"column":0},"end":{"line":20,"column":31}},"20":{"start":{"line":21,"column":0},"end":{"line":21,"column":17}},"21":{"start":{"line":22,"column":0},"end":{"line":22,"column":18}},"22":{"start":{"line":23,"column":0},"end":{"line":23,"column":22}},"23":{"start":{"line":24,"column":0},"end":{"line":24,"column":25}},"24":{"start":{"line":25,"column":0},"end":{"line":25,"column":22}},"25":{"start":{"line":26,"column":0},"end":{"line":26,"column":18}},"26":{"start":{"line":27,"column":0},"end":{"line":27,"column":27}},"27":{"start":{"line":28,"column":0},"end":{"line":28,"column":24}},"28":{"start":{"line":29,"column":0},"end":{"line":29,"column":28}},"29":{"start":{"line":30,"column":0},"end":{"line":30,"column":21}},"30":{"start":{"line":31,"column":0},"end":{"line":31,"column":26}},"31":{"start":{"line":32,"column":0},"end":{"line":32,"column":52}},"32":{"start":{"line":33,"column":0},"end":{"line":33,"column":2}},"33":{"start":{"line":34,"column":0},"end":{"line":34,"column":0}},"34":{"start":{"line":35,"column":0},"end":{"line":35,"column":42}},"35":{"start":{"line":36,"column":0},"end":{"line":36,"column":17}},"36":{"start":{"line":37,"column":0},"end":{"line":37,"column":18}},"37":{"start":{"line":38,"column":0},"end":{"line":38,"column":24}},"38":{"start":{"line":39,"column":0},"end":{"line":39,"column":2}},"39":{"start":{"line":40,"column":0},"end":{"line":40,"column":0}},"40":{"start":{"line":41,"column":0},"end":{"line":41,"column":43}},"41":{"start":{"line":42,"column":0},"end":{"line":42,"column":17}},"42":{"start":{"line":43,"column":0},"end":{"line":43,"column":17}},"43":{"start":{"line":44,"column":0},"end":{"line":44,"column":24}},"44":{"start":{"line":45,"column":0},"end":{"line":45,"column":2}},"45":{"start":{"lin
[...]
,"/home/andresds/Documentos/mks-web-app/src/hooks/products/useProductSelector.ts": {"path":"/home/andresds/Documentos/mks-web-app/src/hooks/products/useProductSelector.ts","all":false,"statementMap":{"0":{"start":{"line":1,"column":0},"end":{"line":1,"column":64}},"1":{"start":{"line":2,"column":0},"end":{"line":2,"column":48}},"2":{"start":{"line":3,"column":0},"end":{"line":3,"column":0}},"3":{"start":{"line":4,"column":0},"end":{"line":4,"column":79}}},"s":{"0":1,"1":1,"2":1,"3":1},"branchMap":{"0":{"type":"branch","line":4,"loc":{"start":{"line":4,"column":13},"end":{"line":4,"column":67}},"locations":[{"start":{"line":4,"column":13},"end":{"line":4,"column":67}}]}},"b":{"0":[14]},"fnMap":{"0":{"name":"get","decl":{"start":{"line":4,"column":13},"end":{"line":4,"column":67}},"loc":{"start":{"line":4,"column":13},"end":{"line":4,"column":67}},"line":4}},"f":{"0":14}}
,"/home/andresds/Documentos/mks-web-app/src/hooks/products/useProducts.ts": {"path":"/home/andresds/Documentos/mks-web-app/src/hooks/products/useProducts.ts","all":false,"statementMap":{"0":{"start":{"line":1,"column":0},"end":{"line":1,"column":26}},"1":{"start":{"line":2,"column":0},"end":{"line":2,"column":0}},"2":{"start":{"line":3,"column":0},"end":{"line":3,"column":124}},"3":{"start":{"line":4,"column":0},"end":{"line":4,"column":0}},"4":{"start":{"line":5,"column":0},"end":{"line":5,"column":31}},"5":{"start":{"line":6,"column":0},"end":{"line":6,"column":41}},"6":{"start":{"line":7,"column":0},"end":{"line":7,"column":13}},"7":{"start":{"line":8,"column":0},"end":{"line":8,"column":58}},"8":{"start":{"line":9,"column":0},"end":{"line":9,"column":0}},"9":{"start":{"line":10,"column":0},"end":{"line":10,"column":42}},"10":{"start":{"line":11,"column":0},"end":{"line":11,"column":25}},"11":{"start":{"line":12,"column":0},"end":{"line":12,"column":35}},"12":{"start":{"line":13,"column":0},"end":{"line":13,"column":9}},"13":{"start":{"line":14,"column":0},"end":{"line":14,"column":5}},"14":{"start":{"line":15,"column":0},"end":{"line":15,"column":0}},"15":{"start":{"line":16,"column":0},"end":{"line":16,"column":31}},"16":{"start":{"line":17,"column":0},"end":{"line":17,"column":2}}},"s":{"0":1,"1":1,"2":1,"3":1,"4":1,"5":6,"6":6,"7":6,"8":2,"9":2,"10":2,"11":0,"12":0,"13":6,"14":6,"15":6,"16":6},"branchMap":{"0":{"type":"branch","line":5,"loc":{"start":{"line":5,"column":16},"end":{"line":5,"column":30}},"locations":[{"start":{"line":5,"column":16},"end":{"line":5,"column":30}}]},"1":{"type":"branch","line":5,"loc":{"start":{"line":5,"column":7},"end":{"line":17,"column":2}},"locations":[{"start":{"line":5,"column":7},"end":{"line":17,"column":2}}]},"2":{"type":"branch","line":6,"loc":{"start":{"line":6,"column":28},"end":{"line":14,"column":5}},"locations":[{"start":{"line":6,"column":28},"end":{"line":14,"column":5}}]},"3":{"type":"branch","line":8,"loc":{"start":{"line":8,"column":45},"end":{"line":13,"column":9}},"locations":[{"start":{"line":8,"column":45},"end":{"line":13,"column":9}}]},"4":{"type":"branch","line":11,"loc":{"start":{"line":11,"column":10},"end":{"line":13,"column":9}},"locations":[{"start":{"line":11,"column":10},"end":{"line":13,"column":9}}]}},"b":{"0":[6],"1":[6],"2":[6],"3":[2],"4":[0]},"fnMap":{"0":{"name":"get","decl":{"start":{"line":5,"column":16},"end":{"line":5,"column":30}},"loc":{"start":{"line":5,"column":16},"end":{"line":5,"column":30}},"line":5},"1":{"name":"useProducts","decl":{"start":{"line":5,"column":7},"end":{"line":17,"column":2}},"loc":{"start":{"line":5,"column":7},"end":{"line":17,"column":2}},"line":5},"2":{"name":"getProductsData","decl":{"start":{"line":6,"column":28},"end":{"line":14,"column":5}},"loc":{"start":{"line":6,"column":28},"end":{"line":14,"column":5}},"line":6}},"f":{"0":6,"1":6,"2":6}}
,"/home/andresds/Documentos/mks-web-app/src/hooks/shopCart/useShopCart.ts": {"path":"/home/andresds/Documentos/mks-web-app/src/hooks/shopCart/useShopCart.ts","all":false,"statementMap":{"0":{"start":{"line":1,"column":0},"end":{"line":1,"column":42}},"1":{"start":{"line":2,"column":0},"end":{"line":2,"column":60}},"2":{"start":{"line":3,"column":0},"end":{"line":3,"column":100}},"3":{"start":{"line":4,"column":0},"end":{"line":4,"column":53}},"4":{"start":{"line":5,"column":0},"end":{"line":5,"column":0}},"5":{"start":{"line":6,"column":0},"end":{"line":6,"column":31}},"6":{"start":{"line":7,"column":0},"end":{"line":7,"column":35}},"7":{"start":{"line":8,"column":0},"end":{"line":8,"column":74}},"8":{"start":{"line":9,"column":0},"end":{"line":9,"column":0}},"9":{"start":{"line":10,"column":0},"end":{"line":10,"column":53}},"10":{"start":{"line":11,"column":0},"end":{"line":11,"column":38}},"11":{"start":{"line":12,"column":0},"end":{"line":12,"column":6}},"12":{"start":{"line":13,"column":0},"end":{"line":13,"column":0}},"13":{"start":{"line":14,"column":0},"end":{"line":14,"column":58}},"14":{"start":{"line":15,"column":0},"end":{"line":15,"column":43}},"15":{"start":{"line":16,"column":0},"end":{"line":16,"column":6}},"16":{"start":{"line":17,"column":0},"end":{"line":17,"column":0}},"17":{"start":{"line":18,"column":0},"end":{"line":18,"column":32}},"18":{"start":{"line":19,"column":0},"end":{"line":19,"column":31}},"19":{"start":{"line":20,"column":0},"end":{"line":20,"column":6}},"20":{"start":{"line":21,"column":0},"end":{"line":21,"column":0}},"21":{"start":{"line":22,"column":0},"end":{"line":22,"column":58}},"22":{"start":{"line":23,"column":0},"end":{"line":23,"column":43}},"23":{"start":{"line":24,"column":0},"end":{"line":24,"column":6}},"24":{"start":{"line":25,"column":0},"end":{"line":25,"column":0}},"25":{"start":{"line":26,"column":0},"end":{"line":26,"column":110}},"26":{"start":{"line":27,"column":0},"end":{"line":27,"column":1}}},"s":{"0":1,"1":1,"2":1,"3":1,"4":1,"5":1,"6":25,"7":25,"8":25,"9":25,"10":1,"11":1,"12":25,"13":25,"14":0,"15":0,"16":25,"17":25,"18":0,"19":0,"20":25,"21":25,"22":0,"23":0,"24":25,"25":25,"26":25},"branchMap":{"0":{"type":"branch","line":6,"loc":{"start":{"line":6,"column":16},"end":{"line":6,"column":30}},"locations":[{"start":{"line":6,"column":16},"end":{"line":6,"column":30}}]},"1":{"type":"branch","line":6,"loc":{"start":{"line":6,"column":7},"end":{"line":27,"column":1}},"locations":[{"start":{"line":6,"column":7},"end":{"line":27,"column":1}}]},"2":{"type":"branch","line":8,"loc":{"start":{"line":8,"column":49},"end":{"line":8,"column":72}},"locations":[{"start":{"line":8,"column":49},"end":{"line":8,"column":72}}]},"3":{"type":"branch","line":10,"loc":{"start":{"line":10,"column":29},"end":{"line":12,"column":6}},"locations":[{"start":{"line":10,"column":29},"end":{"line":12,"column":6}}]}},"b":{"0":[25],"1":[25],"2":[27],"3":[1]},"fnMap":{"0":{"name":"get","decl":{"start":{"line":6,"column":16},"end":{"line":6,"column":30}},"loc":{"start":{"line":6,"column":16},"end":{"line":6,"column":30}},"line":6},"1":{"name":"useShopCart","decl":{"start":{"line":6,"column":7},"end":{"line":27,"column":1}},"loc":{"start":{"line":6,"column":7},"end":{"line":27,"column":1}},"line":6},"2":{"name":"addProductToCart","decl":{"start":{"line":10,"column":29},"end":{"line":12,"column":6}},"loc":{"start":{"line":10,"column":29},"end":{"line":12,"column":6}},"line":10},"3":{"name":"removeProductFromCart","decl":{"start":{"line":14,"column":34},"end":{"line":16,"column":6}},"loc":{"start":{"line":14,"column":34},"end":{"line":16,"column":6}},"line":14},"4":{"name":"openShopCart","decl":{"start":{"line":18,"column":25},"end":{"line":20,"column":6}},"loc":{"start":{"line":18,"column":25},"end":{"line":20,"column":6}},"line":18},"5":{"name":"deleteProductFromCart","decl":{"start":{"line":22,"column":34},"end":{"line":24,"column":6}},"loc":{"start":{"line":22,"column":34},"end":{"line":24,"column":6}},"line":22}},"f":{"0":25,"1":25,"2":1,"3":0,"4":0,"5":0}}
,"/home/andresds/Documentos/mks-web-app/src/hooks/shopCart/useShopCartSelector.ts": {"path":"/home/andresds/Documentos/mks-web-app/src/hooks/shopCart/useShopCartSelector.ts","all":false,"statementMap":{"0":{"start":{"line":1,"column":0},"end":{"line":1,"column":64}},"1":{"start":{"line":2,"column":0},"end":{"line":2,"column":48}},"2":{"start":{"line":3,"column":0},"end":{"line":3,"column":0}},"3":{"start":{"line":4,"column":0},"end":{"line":4,"column":80}}},"s":{"0":1,"1":1,"2":1,"3":1},"branchMap":{"0":{"type":"branch","line":4,"loc":{"start":{"line":4,"column":13},"end":{"line":4,"column":68}},"locations":[{"start":{"line":4,"column":13},"end":{"line":4,"column":68}}]}},"b":{"0":[37]},"fnMap":{"0":{"name":"get","decl":{"start":{"line":4,"column":13},"end":{"line":4,"column":68}},"loc":{"start":{"line":4,"column":13},"end":{"line":4,"column":68}},"line":4}},"f":{"0":37}}
,"/home/andresds/Documentos/mks-web-app/src/pages/Home/Home.tsx": {"path":"/home/andresds/Documentos/mks-web-app/src/pages/Home/Home.tsx","all":false,"statementMap":{"0":{"start":{"line":1,"column":0},"end":{"line":1,"column":34}},"1":{"start":{"line":2,"column":0},"end":{"line":2,"column":42}},"2":{"start":{"line":3,"column":0},"end":{"line":3,"column":79}},"3":{"start":{"line":4,"column":0},"end":{"line":4,"column":59}},"4":{"start":{"line":5,"column":0},"end":{"line":5,"column":77}},"5":{"start":{"line":6,"column":0},"end":{"line":6,"column":63}},"6":{"start":{"line":7,"column":0},"end":{"line":7,"column":56}},"7":{"start":{"line":8,"column":0},"end":{"line":8,"column":56}},"8":{"start":{"line":9,"column":0},"end":{"line":9,"column":71}},"9":{"start":{"line":10,"column":0},"end":{"line":10,"column":62}},"10":{"start":{"line":11,"column":0},"end":{"line":11,"column":46}},"11":{"start":{"line":12,"column":0},"end":{"line":12,"column":0}},"12":{"start":{"line":13,"column":0},"end":{"line":13,"column":27}},"13":{"start":{"line":14,"column":0},"end":{"line":14,"column":72}},"14":{"start":{"line":15,"column":0},"end":{"line":15,"column":69}},"15":{"start":{"line":16,"column":0},"end":{"line":16,"column":44}},"16":{"start":{"line":17,"column":0},"end":{"line":17,"column":34}},"17":{"start":{"line":18,"column":0},"end":{"line":18,"column":0}},"18":{"start":{"line":19,"column":0},"end":{"line":19,"column":39}},"19":{"start":{"line":20,"column":0},"end":{"line":20,"column":31}},"20":{"start":{"line":21,"column":0},"end":{"line":21,"column":51}},"21":{"start":{"line":22,"column":0},"end":{"line":22,"column":43}},"22":{"start":{"line":23,"column":0},"end":{"line":23,"column":5}},"23":{"start":{"line":24,"column":0},"end":{"line":24,"column":4}},"24":{"start":{"line":25,"column":0},"end":{"line":25,"column":0}},"25":{"start":{"line":26,"column":0},"end":{"line":26,"column":19}},"26":{"start":{"line":27,"column":0},"end":{"line":27,"column":22}},"27":{"start":{"line":28,"column":0},"end":{"line":28,"column":9}},"28":{"start":{"line":29,"column":0},"end":{"line":29,"column":0}},"29":{"start":{"line":30,"column":0},"end":{"line":30,"column":10}},"30":{"start":{"line":31,"column":0},"end":{"line":31,"column":41}},"31":{"start":{"line":32,"column":0},"end":{"line":32,"column":16}},"32":{"start":{"line":33,"column":0},"end":{"line":33,"column":18}},"33":{"start":{"line":34,"column":0},"end":{"line":34,"column":0}},"34":{"start":{"line":35,"column":0},"end":{"line":35,"column":15}},"35":{"start":{"line":36,"column":0},"end":{"line":36,"column":23}},"36":{"start":{"line":37,"column":0},"end":{"line":37,"column":16}},"37":{"start":{"line":38,"column":0},"end":{"line":38,"column":0}},"38":{"start":{"line":39,"column":0},"end":{"line":39,"column":16}},"39":{"start":{"line":40,"column":0},"end":{"line":40,"column":16}},"40":{"start":{"line":41,"column":0},"end":{"line":41,"column":4}},"41":{"start":{"line":42,"column":0},"end":{"line":42,"column":2}}},"s":{"0":1,"1":1,"2":1,"3":1,"4":1,"5":1,"6":1,"7":1,"8":1,"9":1,"10":1,"11":1,"12":1,"13":5,"14":5,"15":5,"16":5,"17":5,"18":5,"19":5,"20":5,"21":1,"22":1,"23":5,"24":5,"25":5,"26":5,"27":5,"28":5,"29":5,"30":5,"31":5,"32":5,"33":5,"34":5,"35":5,"36":5,"37":5,"38":5,"39":5,"40":5,"41":5},"branchMap":{"0":{"type":"branch","line":13,"loc":{"start":{"line":13,"column":13},"end":{"line":13,"column":20}},"locations":[{"start":{"line":13,"column":13},"end":{"line":13,"column":20}}]},"1":{"type":"branch","line":13,"loc":{"start":{"line":13,"column":20},"end":{"line":42,"column":2}},"locations":[{"start":{"line":13,"column":20},"end":{"line":42,"column":2}}]},"2":{"type":"branch","line":14,"loc":{"start":{"line":14,"column":45},"end":{"line":14,"column":70}},"locations":[{"start":{"line":14,"column":45},"end":{"line":14,"column":70}}]},"3":{"type":"branch","line":15,"loc":{"start":{"line":15,"column":42},"end":{"line":15,"column":67}},"locations":[{"start":{"line":15,"column":42},"end":{"line":15,"column":67}}]},"4":{"type":"branch","line":19,"loc":{"start":{"line":19,"column":26},"end":{"line":24,"column":4}},"locations":[{"start":{"line":19,"column":26},"end":{"line":24,"column":4}}]},"5":{"type":"branch","line":21,"loc":{"start":{"line":21,"column":33},"end":{"line":23,"column":5}},"locations":[{"start":{"line":21,"column":33},"end":{"line":23,"column":5}}]},"6":{"type":"branch","line":26,"loc":{"start":{"line":26,"column":12},"end":{"line":28,"column":5}},"locations":[{"start":{"line":26,"column":12},"end":{"line":28,"column":5}}]}},"b":{"0":[5],"1":[5],"2":[5],"3":[5],"4":[5],"5":[1],"6":[5]},"fnMap":{"0":{"name":"get","decl":{"start":{"line":13,"column":13},"end":{"line":13,"column":20}},"loc":{"start":{"line":13,"column":13},"end":{"line":13,"column":20}},"line":13},"1":{"name":"Home","decl":{"start":{"line":13,"column":20},"end":{"line":42,"column":2}},"loc":{"start":{"line":13,"column":20},"end":{"line":42,"column":2}},"line":13},"2":{"name":"loadingProducts","decl":{"start":{"line":19,"column":26},"end":{"line":24,"column":4}},"loc":{"start":{"line":19,"column":26},"end":{"line":24,"column":4}},"line":19}},"f":{"0":5,"1":5,"2":5}}
,"/home/andresds/Documentos/mks-web-app/src/pages/Home/styles.ts": {"path":"/home/andresds/Documentos/mks-web-app/src/pages/Home/styles.ts","all":false,"statementMap":{"0":{"start":{"line":1,"column":0},"end":{"line":1,"column":39}},"1":{"start":{"line":2,"column":0},"end":{"line":2,"column":0}},"2":{"start":{"line":3,"column":0},"end":{"line":3,"column":23}},"3":{"start":{"line":4,"column":0},"end":{"line":4,"column":26}},"4":{"start":{"line":5,"column":0},"end":{"line":5,"column":1}},"5":{"start":{"line":6,"column":0},"end":{"line":6,"column":0}},"6":{"start":{"line":7,"column":0},"end":{"line":7,"column":52}},"7":{"start":{"line":8,"column":0},"end":{"line":8,"column":18}},"8":{"start":{"line":9,"column":0},"end":{"line":9,"column":18}},"9":{"start":{"line":10,"column":0},"end":{"line":10,"column":27}},"10":{"start":{"line":11,"column":0},"end":{"line":11,"column":24}},"11":{"start":{"line":12,"column":0},"end":{"line":12,"column":35}},"12":{"start":{"line":13,"column":0},"end":{"line":13,"column":37}},"13":{"start":{"line":14,"column":0},"end":{"line":14,"column":0}},"14":{"start":{"line":15,"column":0},"end":{"line":15,"column":45}},"15":{"start":{"line":16,"column":0},"end":{"line":16,"column":25}},"16":{"start":{"line":17,"column":0},"end":{"line":17,"column":6}},"17":{"start":{"line":18,"column":0},"end":{"line":18,"column":0}},"18":{"start":{"line":19,"column":0},"end":{"line":19,"column":31}},"19":{"start":{"line":20,"column":0},"end":{"line":20,"column":42}},"20":{"start":{"line":21,"column":0},"end":{"line":21,"column":5}},"21":{"start":{"line":22,"column":0},"end":{"line":22,"column":0}},"22":{"start":{"line":23,"column":0},"end":{"line":23,"column":32}},"23":{"start":{"line":24,"column":0},"end":{"line":24,"column":27}},"24":{"start":{"line":25,"column":0},"end":{"line":25,"column":5}},"25":{"start":{"line":26,"column":0},"end":{"line":26,"column":2}},"26":{"start":{"line":27,"column":0},"end":{"line":27,"column":0}},"27":{"start":{"line":28,"column":0},"end":{"line":28,"column":35}},"28":{"start":{"line":29,"column":0},"end":{"line":29,"column":16}},"29":{"start":{"line":30,"column":0},"end":{"line":30,"column":21}},"30":{"start":{"line":31,"column":0},"end":{"line":31,"column":0}},"31":{"start":{"line":32,"column":0},"end":{"line":32,"column":31}},"32":{"start":{"line":33,"column":0},"end":{"line":33,"column":28}},"33":{"start":{"line":34,"column":0},"end":{"line":34,"column":5}},"34":{"start":{"line":35,"column":0},"end":{"line":35,"column":2}}},"s":{"0":1,"1":1,"2":1,"3":1,"4":1,"5":1,"6":1,"7":1,"8":1,"9":1,"10":1,"11":1,"12":1,"13":1,"14":1,"15":0,"16":1,"17":1,"18":1,"19":1,"20":1,"21":1,"22":1,"23":1,"24":1,"25":1,"26":1,"27":1,"28":1,"29":1,"30":1,"31":1,"32":1,"33":1,"34":1},"branchMap":{"0":{"type":"branch","line":15,"loc":{"start":{"line":15,"column":6},"end":{"line":17,"column":5}},"locations":[{"start":{"line":15,"column":6},"end":{"line":17,"column":5}}]},"1":{"type":"branch","line":15,"loc":{"start":{"line":15,"column":28},"end":{"line":17,"column":5}},"locations":[{"start":{"line":15,"column":28},"end":{"line":17,"column":5}}]}},"b":{"0":[5],"1":[0]},"fnMap":{},"f":{}}
,"/home/andresds/Documentos/mks-web-app/tests/RenderWithRedux.tsx": {"path":"/home/andresds/Documentos/mks-web-app/tests/RenderWithRedux.tsx","all":false,"statementMap":{"0":{"start":{"line":1,"column":0},"end":{"line":1,"column":26}},"1":{"start":{"line":2,"column":0},"end":{"line":2,"column":48}},"2":{"start":{"line":3,"column":0},"end":{"line":3,"column":39}},"3":{"start":{"line":4,"column":0},"end":{"line":4,"column":45}},"4":{"start":{"line":5,"column":0},"end":{"line":5,"column":0}},"5":{"start":{"line":6,"column":0},"end":{"line":6,"column":64}},"6":{"start":{"line":7,"column":0},"end":{"line":7,"column":10}},"7":{"start":{"line":8,"column":0},"end":{"line":8,"column":62}},"8":{"start":{"line":9,"column":0},"end":{"line":9,"column":4}},"9":{"start":{"line":10,"column":0},"end":{"line":10,"column":2}}},"s":{"0":1,"1":1,"2":1,"3":1,"4":1,"5":1,"6":19,"7":19,"8":19,"9":19},"branchMap":{"0":{"type":"branch","line":6,"loc":{"start":{"line":6,"column":13},"end":{"line":6,"column":31}},"locations":[{"start":{"line":6,"column":13},"end":{"line":6,"column":31}}]},"1":{"type":"branch","line":6,"loc":{"start":{"line":6,"column":31},"end":{"line":10,"column":2}},"locations":[{"start":{"line":6,"column":31},"end":{"line":10,"column":2}}]}},"b":{"0":[19],"1":[19]},"fnMap":{"0":{"name":"get","decl":{"start":{"line":6,"column":13},"end":{"line":6,"column":31}},"loc":{"start":{"line":6,"column":13},"end":{"line":6,"column":31}},"line":6},"1":{"name":"RenderWithRedux","decl":{"start":{"line":6,"column":31},"end":{"line":10,"column":2}},"loc":{"start":{"line":6,"column":31},"end":{"line":10,"column":2}},"line":6}},"f":{"0":19,"1":19}}
}
