TN:
SF:src/components/CartButton/CartButton.tsx
FN:5,get
FN:5,CartButton
FNF:2
FNH:2
FNDA:11,get
FNDA:12,CartButton
DA:1,1
DA:2,1
DA:3,1
DA:4,1
DA:5,1
DA:6,12
DA:7,12
DA:8,12
DA:9,12
DA:10,12
DA:11,12
DA:12,12
DA:13,12
DA:14,12
DA:15,12
DA:16,12
DA:17,12
LF:17
LH:17
BRDA:5,0,0,11
BRDA:5,1,0,12
BRDA:8,2,0,10
BRF:3
BRH:3
end_of_record
TN:
SF:src/components/CartButton/styles.ts
FNF:0
FNH:0
DA:1,1
DA:2,1
DA:3,1
DA:4,1
DA:5,1
DA:6,1
DA:7,1
DA:8,1
DA:9,1
DA:10,1
DA:11,1
DA:12,1
DA:13,1
DA:14,1
DA:15,1
DA:16,1
DA:17,1
DA:18,1
DA:19,1
DA:20,1
DA:21,1
DA:22,1
DA:23,1
DA:24,1
DA:25,1
DA:26,1
DA:27,1
DA:28,1
DA:29,1
DA:30,1
DA:31,1
DA:32,1
DA:33,1
DA:34,1
DA:35,1
DA:36,1
DA:37,1
DA:38,1
DA:39,1
DA:40,1
DA:41,1
DA:42,1
DA:43,1
DA:44,1
DA:45,1
DA:46,1
DA:47,1
LF:47
LH:47
BRF:0
BRH:0
end_of_record
TN:
SF:src/components/Footer/Footer.tsx
FN:3,get
FN:3,Footer
FNF:2
FNH:2
FNDA:5,get
FNDA:5,Footer
DA:1,1
DA:2,1
DA:3,1
DA:4,5
DA:5,5
DA:6,5
DA:7,5
DA:8,5
DA:9,5
LF:9
LH:9
BRDA:3,0,0,5
BRDA:3,1,0,5
BRF:2
BRH:2
end_of_record
TN:
SF:src/components/Footer/styles.ts
FN:3,get
FNF:1
FNH:1
FNDA:5,get
DA:1,1
DA:2,1
DA:3,1
DA:4,1
DA:5,1
DA:6,1
DA:7,1
DA:8,1
DA:9,1
DA:10,1
DA:11,1
DA:12,1
LF:12
LH:12
BRDA:3,0,0,5
BRF:1
BRH:1
end_of_record
TN:
SF:src/components/Header/Header.tsx
FN:5,get
FN:5,Header
FNF:2
FNH:2
FNDA:7,get
FNDA:7,Header
DA:1,1
DA:2,1
DA:3,1
DA:4,1
DA:5,1
DA:6,7
DA:7,7
DA:8,7
DA:9,7
DA:10,7
DA:11,7
DA:12,7
LF:12
LH:12
BRDA:5,0,0,7
BRDA:5,1,0,7
BRF:2
BRH:2
end_of_record
TN:
SF:src/components/Header/styles.ts
FNF:0
FNH:0
DA:1,1
DA:2,1
DA:3,1
DA:4,1
DA:5,1
DA:6,1
DA:7,1
DA:8,1
DA:9,1
DA:10,1
DA:11,1
DA:12,1
DA:13,1
DA:14,1
DA:15,1
DA:16,1
DA:17,1
DA:18,1
DA:19,1
DA:20,1
DA:21,1
DA:22,1
DA:23,1
LF:23
LH:23
BRF:0
BRH:0
end_of_record
TN:
SF:src/components/ProductCard/ProductCard.tsx
FN:26,get
FN:26,ProductCard
FN:39,onClick
FN:60,onClick
FN:62,onClick
FN:78,onClick
FNF:6
FNH:6
FNDA:12,get
FNDA:13,ProductCard
FNDA:1,onClick
FNDA:1,onClick
FNDA:1,onClick
FNDA:2,onClick
DA:1,1
DA:2,1
DA:3,1
DA:4,1
DA:5,1
DA:6,1
DA:7,1
DA:8,1
DA:9,1
DA:10,1
DA:11,1
DA:12,1
DA:13,1
DA:14,1
DA:15,1
DA:16,1
DA:17,1
DA:18,1
DA:19,1
DA:20,1
DA:21,1
DA:22,1
DA:23,1
DA:24,1
DA:25,1
DA:26,1
DA:27,13
DA:28,13
DA:29,13
DA:30,13
DA:31,13
DA:32,13
DA:33,13
DA:34,13
DA:35,13
DA:36,13
DA:37,13
DA:38,13
DA:39,13
DA:40,13
DA:41,13
DA:42,13
DA:43,13
DA:44,13
DA:45,13
DA:46,13
DA:47,13
DA:48,13
DA:49,13
DA:50,13
DA:51,13
DA:52,13
DA:53,13
DA:54,13
DA:55,13
DA:56,13
DA:57,13
DA:58,13
DA:59,13
DA:60,13
DA:61,13
DA:62,13
DA:63,13
DA:64,13
DA:65,13
DA:66,13
DA:67,13
DA:68,13
DA:69,13
DA:70,13
DA:71,13
DA:72,13
DA:73,13
DA:74,13
DA:75,13
DA:76,13
DA:77,13
DA:78,13
DA:79,13
DA:80,13
DA:81,13
DA:82,13
DA:83,13
DA:84,13
DA:85,13
DA:86,13
LF:86
LH:86
BRDA:26,0,0,12
BRDA:26,1,0,13
BRDA:39,2,0,1
BRDA:60,3,0,1
BRDA:62,4,0,1
BRDA:78,5,0,2
BRF:6
BRH:6
end_of_record
TN:
SF:src/components/ProductCard/styles.ts
FN:12,Object.<anonymous>._styledComponents.default.div.shopCart.shopCart
FN:16,Object.<anonymous>._styledComponents.default.div.shopCart.shopCart
FN:19,Object.<anonymous>._styledComponents.default.div.shopCart.shopCart
FN:22,Object.<anonymous>._styledComponents.default.div.shopCart.shopCart
FN:23,Object.<anonymous>._styledComponents.default.div.shopCart.shopCart
FN:24,Object.<anonymous>._styledComponents.default.div.shopCart.shopCart
FN:33,Object.<anonymous>._styledComponents.default.div.shopCart.shopCart
FN:77,Object.<anonymous>._styledComponents.default.div.shopCart.shopCart
FN:78,Object.<anonymous>._styledComponents.default.div.shopCart.shopCart
FN:86,Object.<anonymous>._styledComponents.default.div.shopCart.shopCart
FN:93,Object.<anonymous>._styledComponents.default.div.shopCart.shopCart
FN:100,Object.<anonymous>._styledComponents.default.img.shopCart.shopCart
FN:104,Object.<anonymous>._styledComponents.default.img.shopCart.shopCart
FN:111,Object.<anonymous>._styledComponents.default.header.shopCart.shopCart
FN:115,Object.<anonymous>._styledComponents.default.header.shopCart.shopCart
FN:119,Object.<anonymous>._styledComponents.default.header.shopCart.shopCart
FN:120,Object.<anonymous>._styledComponents.default.header.shopCart.shopCart
FN:138,Object.<anonymous>._styledComponents.default.p.shopCart.shopCart
FN:139,Object.<anonymous>._styledComponents.default.p.shopCart.shopCart
FN:158,Object.<anonymous>._styledComponents.default.div.shopCart.shopCart
FN:159,Object.<anonymous>._styledComponents.default.div.shopCart.shopCart
FN:163,Object.<anonymous>._styledComponents.default.div.shopCart.shopCart
FN:198,Object.<anonymous>._styledComponents.default.div.shopCart.shopCart
FN:203,Object.<anonymous>._styledComponents.default.div.shopCart.shopCart
FN:204,Object.<anonymous>._styledComponents.default.div.shopCart.shopCart
FN:205,Object.<anonymous>._styledComponents.default.div.shopCart.shopCart
FN:212,Object.<anonymous>._styledComponents.default.div.shopCart.shopCart
FN:221,Object.<anonymous>._styledComponents.default.div.shopCart.shopCart
FN:222,Object.<anonymous>._styledComponents.default.div.shopCart.shopCart
FNF:29
FNH:29
FNDA:13,Object.<anonymous>._styledComponents.default.div.shopCart.shopCart
FNDA:13,Object.<anonymous>._styledComponents.default.div.shopCart.shopCart
FNDA:13,Object.<anonymous>._styledComponents.default.div.shopCart.shopCart
FNDA:13,Object.<anonymous>._styledComponents.default.div.shopCart.shopCart
FNDA:13,Object.<anonymous>._styledComponents.default.div.shopCart.shopCart
FNDA:13,Object.<anonymous>._styledComponents.default.div.shopCart.shopCart
FNDA:13,Object.<anonymous>._styledComponents.default.div.shopCart.shopCart
FNDA:13,Object.<anonymous>._styledComponents.default.div.shopCart.shopCart
FNDA:13,Object.<anonymous>._styledComponents.default.div.shopCart.shopCart
FNDA:13,Object.<anonymous>._styledComponents.default.div.shopCart.shopCart
FNDA:13,Object.<anonymous>._styledComponents.default.div.shopCart.shopCart
FNDA:13,Object.<anonymous>._styledComponents.default.img.shopCart.shopCart
FNDA:13,Object.<anonymous>._styledComponents.default.img.shopCart.shopCart
FNDA:13,Object.<anonymous>._styledComponents.default.header.shopCart.shopCart
FNDA:13,Object.<anonymous>._styledComponents.default.header.shopCart.shopCart
FNDA:13,Object.<anonymous>._styledComponents.default.header.shopCart.shopCart
FNDA:13,Object.<anonymous>._styledComponents.default.header.shopCart.shopCart
FNDA:13,Object.<anonymous>._styledComponents.default.p.shopCart.shopCart
FNDA:13,Object.<anonymous>._styledComponents.default.p.shopCart.shopCart
FNDA:13,Object.<anonymous>._styledComponents.default.div.shopCart.shopCart
FNDA:13,Object.<anonymous>._styledComponents.default.div.shopCart.shopCart
FNDA:13,Object.<anonymous>._styledComponents.default.div.shopCart.shopCart
FNDA:13,Object.<anonymous>._styledComponents.default.div.shopCart.shopCart
FNDA:13,Object.<anonymous>._styledComponents.default.div.shopCart.shopCart
FNDA:13,Object.<anonymous>._styledComponents.default.div.shopCart.shopCart
FNDA:13,Object.<anonymous>._styledComponents.default.div.shopCart.shopCart
FNDA:13,Object.<anonymous>._styledComponents.default.div.shopCart.shopCart
FNDA:13,Object.<anonymous>._styledComponents.default.div.shopCart.shopCart
FNDA:13,Object.<anonymous>._styledComponents.default.div.shopCart.shopCart
DA:1,1
DA:2,1
DA:3,1
DA:4,1
DA:5,1
DA:6,1
DA:7,1
DA:8,1
DA:9,1
DA:10,1
DA:11,1
DA:12,1
DA:13,1
DA:14,1
DA:15,1
DA:16,1
DA:17,1
DA:18,1
DA:19,1
DA:20,1
DA:21,1
DA:22,1
DA:23,1
DA:24,1
DA:25,1
DA:26,1
DA:27,1
DA:28,1
DA:29,1
DA:30,1
DA:31,1
DA:32,1
DA:33,1
DA:34,1
DA:35,1
DA:36,1
DA:37,1
DA:38,1
DA:39,1
DA:40,1
DA:41,1
DA:42,1
DA:43,1
DA:44,1
DA:45,1
DA:46,1
DA:47,1
DA:48,1
DA:49,1
DA:50,1
DA:51,4
DA:52,4
DA:53,4
DA:54,4
DA:55,4
DA:56,4
DA:57,4
DA:58,4
DA:59,4
DA:60,4
DA:61,4
DA:62,4
DA:63,1
DA:64,1
DA:65,1
DA:66,1
DA:67,1
DA:68,1
DA:69,1
DA:70,1
DA:71,1
DA:72,1
DA:73,1
DA:74,1
DA:75,1
DA:76,1
DA:77,1
DA:78,1
DA:79,1
DA:80,1
DA:81,1
DA:82,1
DA:83,1
DA:84,1
DA:85,1
DA:86,1
DA:87,1
DA:88,1
DA:89,1
DA:90,1
DA:91,1
DA:92,1
DA:93,1
DA:94,1
DA:95,1
DA:96,1
DA:97,1
DA:98,1
DA:99,1
DA:100,1
DA:101,1
DA:102,1
DA:103,1
DA:104,1
DA:105,1
DA:106,1
DA:107,1
DA:108,1
DA:109,1
DA:110,1
DA:111,1
DA:112,1
DA:113,1
DA:114,1
DA:115,1
DA:116,1
DA:117,1
DA:118,1
DA:119,1
DA:120,1
DA:121,1
DA:122,1
DA:123,1
DA:124,1
DA:125,1
DA:126,1
DA:127,1
DA:128,1
DA:129,1
DA:130,1
DA:131,1
DA:132,1
DA:133,1
DA:134,1
DA:135,1
DA:136,1
DA:137,1
DA:138,1
DA:139,1
DA:140,1
DA:141,1
DA:142,1
DA:143,1
DA:144,1
DA:145,1
DA:146,1
DA:147,1
DA:148,1
DA:149,1
DA:150,1
DA:151,4
DA:152,1
DA:153,1
DA:154,1
DA:155,1
DA:156,1
DA:157,1
DA:158,1
DA:159,1
DA:160,1
DA:161,1
DA:162,1
DA:163,1
DA:164,1
DA:165,1
DA:166,1
DA:167,1
DA:168,1
DA:169,1
DA:170,1
DA:171,1
DA:172,1
DA:173,1
DA:174,1
DA:175,1
DA:176,1
DA:177,1
DA:178,1
DA:179,1
DA:180,1
DA:181,1
DA:182,1
DA:183,1
DA:184,1
DA:185,1
DA:186,1
DA:187,1
DA:188,1
DA:189,1
DA:190,1
DA:191,1
DA:192,1
DA:193,1
DA:194,1
DA:195,1
DA:196,1
DA:197,1
DA:198,1
DA:199,9
DA:200,1
DA:201,1
DA:202,1
DA:203,1
DA:204,1
DA:205,1
DA:206,1
DA:207,1
DA:208,1
DA:209,1
DA:210,1
DA:211,1
DA:212,1
DA:213,1
DA:214,1
DA:215,1
DA:216,1
DA:217,1
DA:218,1
DA:219,1
DA:220,1
DA:221,1
DA:222,1
DA:223,1
DA:224,1
DA:225,1
DA:226,1
DA:227,1
DA:228,1
DA:229,1
DA:230,1
DA:231,1
DA:232,1
DA:233,1
DA:234,1
DA:235,1
DA:236,1
DA:237,1
DA:238,1
DA:239,1
DA:240,1
DA:241,1
DA:242,1
DA:243,1
DA:244,1
DA:245,1
DA:246,1
DA:247,1
DA:248,4
DA:249,1
DA:250,1
DA:251,1
DA:252,1
DA:253,1
DA:254,1
DA:255,1
DA:256,1
DA:257,1
DA:258,1
DA:259,1
DA:260,1
DA:261,1
DA:262,1
DA:263,1
DA:264,1
DA:265,1
LF:265
LH:265
BRDA:12,0,0,13
BRDA:12,1,0,4
BRDA:12,2,0,9
BRDA:16,3,0,13
BRDA:16,4,0,4
BRDA:19,5,0,13
BRDA:19,6,0,4
BRDA:19,7,0,9
BRDA:22,8,0,13
BRDA:22,9,0,4
BRDA:22,10,0,9
BRDA:23,11,0,13
BRDA:23,12,0,4
BRDA:23,13,0,9
BRDA:24,14,0,13
BRDA:24,15,0,4
BRDA:25,16,0,13
BRDA:25,17,0,4
BRDA:33,18,0,13
BRDA:33,19,0,4
BRDA:33,20,0,9
BRDA:50,21,0,13
BRDA:50,22,0,4
BRDA:77,23,0,13
BRDA:77,24,0,4
BRDA:78,25,0,13
BRDA:78,26,0,4
BRDA:79,27,0,13
BRDA:79,28,0,4
BRDA:86,29,0,13
BRDA:86,30,0,4
BRDA:86,31,0,9
BRDA:93,32,0,13
BRDA:93,33,0,4
BRDA:93,34,0,9
BRDA:94,35,0,13
BRDA:94,36,0,4
BRDA:100,37,0,13
BRDA:100,38,0,4
BRDA:100,39,0,9
BRDA:104,40,0,13
BRDA:104,41,0,4
BRDA:104,42,0,9
BRDA:105,43,0,13
BRDA:105,44,0,4
BRDA:105,45,0,9
BRDA:111,46,0,13
BRDA:111,47,0,4
BRDA:111,48,0,9
BRDA:115,49,0,13
BRDA:115,50,0,4
BRDA:115,51,0,9
BRDA:119,52,0,13
BRDA:119,53,0,4
BRDA:120,54,0,13
BRDA:120,55,0,4
BRDA:121,56,0,13
BRDA:121,57,0,4
BRDA:138,58,0,13
BRDA:138,59,0,4
BRDA:138,60,0,9
BRDA:139,61,0,13
BRDA:139,62,0,4
BRDA:140,63,0,13
BRDA:140,64,0,4
BRDA:150,65,0,13
BRDA:150,66,0,4
BRDA:158,67,0,13
BRDA:158,68,0,4
BRDA:158,69,0,9
BRDA:159,70,0,13
BRDA:159,71,0,4
BRDA:159,72,0,9
BRDA:163,73,0,13
BRDA:163,74,0,4
BRDA:163,75,0,9
BRDA:164,76,0,13
BRDA:164,77,0,4
BRDA:164,78,0,9
BRDA:198,79,0,13
BRDA:198,80,0,9
BRDA:203,81,0,13
BRDA:203,82,0,4
BRDA:204,83,0,13
BRDA:204,84,0,4
BRDA:205,85,0,13
BRDA:205,86,0,4
BRDA:206,87,0,13
BRDA:206,88,0,4
BRDA:212,89,0,13
BRDA:212,90,0,4
BRDA:212,91,0,9
BRDA:221,92,0,13
BRDA:221,93,0,4
BRDA:221,94,0,9
BRDA:222,95,0,13
BRDA:222,96,0,4
BRDA:225,97,0,13
BRDA:225,98,0,4
BRDA:247,99,0,13
BRDA:247,100,0,4
BRF:101
BRH:101
end_of_record
TN:
SF:src/components/ProductList/ProductList.tsx
FN:6,get
FN:6,ProductList
FNF:2
FNH:2
FNDA:8,get
FNDA:9,ProductList
DA:1,1
DA:2,1
DA:3,1
DA:4,1
DA:5,1
DA:6,1
DA:7,9
DA:8,9
DA:9,9
DA:10,9
DA:11,9
DA:12,8
DA:13,1
DA:14,1
DA:15,1
DA:16,1
DA:17,1
DA:18,1
DA:19,1
DA:20,9
DA:21,9
DA:22,9
LF:22
LH:22
BRDA:6,0,0,8
BRDA:6,1,0,9
BRDA:11,2,0,8
BRDA:12,3,0,1
BRDA:7,4,0,10
BRDA:15,5,0,6
BRF:6
BRH:6
end_of_record
TN:
SF:src/components/ProductList/styles.ts
FN:3,get
FNF:1
FNH:1
FNDA:1,get
DA:1,1
DA:2,1
DA:3,1
DA:4,1
DA:5,1
DA:6,1
DA:7,1
DA:8,1
DA:9,1
DA:10,1
DA:11,1
DA:12,1
DA:13,1
DA:14,1
DA:15,1
DA:16,1
LF:16
LH:16
BRDA:3,0,0,1
BRF:1
BRH:1
end_of_record
TN:
SF:src/components/ShimmerComponent/ShimmerComponent.tsx
FN:3,get
FN:3,ShimmerComponent
FNF:2
FNH:2
FNDA:8,get
FNDA:8,ShimmerComponent
DA:1,1
DA:2,1
DA:3,1
DA:4,8
DA:5,8
DA:6,8
DA:7,8
DA:8,8
DA:9,48
DA:10,8
DA:11,8
DA:12,8
DA:13,8
DA:14,8
DA:15,8
DA:16,8
DA:17,8
DA:18,8
DA:19,8
DA:20,8
DA:21,8
LF:21
LH:21
BRDA:3,0,0,8
BRDA:3,1,0,8
BRDA:8,2,0,48
BRF:3
BRH:3
end_of_record
TN:
SF:src/components/ShimmerComponent/styles.ts
FNF:0
FNH:0
DA:1,1
DA:2,1
DA:3,1
DA:4,1
DA:5,1
DA:6,1
DA:7,1
DA:8,1
DA:9,1
DA:10,1
DA:11,1
DA:12,1
DA:13,1
DA:14,1
DA:15,1
DA:16,1
DA:17,1
DA:18,1
DA:19,1
DA:20,1
DA:21,1
DA:22,1
DA:23,1
DA:24,1
DA:25,1
DA:26,1
DA:27,1
DA:28,1
DA:29,1
DA:30,1
DA:31,1
DA:32,1
DA:33,1
DA:34,1
DA:35,1
DA:36,1
DA:37,1
DA:38,1
DA:39,1
DA:40,1
DA:41,1
DA:42,1
DA:43,1
DA:44,1
DA:45,1
DA:46,1
DA:47,1
DA:48,1
DA:49,1
DA:50,1
DA:51,1
DA:52,1
DA:53,1
DA:54,1
DA:55,1
DA:56,1
LF:56
LH:56
BRF:0
BRH:0
end_of_record
TN:
SF:src/components/ShopCart/ShopCart.tsx
FN:14,get
FN:14,ShopCart
FNF:2
FNH:2
FNDA:7,get
FNDA:7,ShopCart
DA:1,1
DA:2,1
DA:3,1
DA:4,1
DA:5,1
DA:6,1
DA:7,1
DA:8,1
DA:9,1
DA:10,1
DA:11,1
DA:12,1
DA:13,1
DA:14,1
DA:15,7
DA:16,7
DA:17,7
DA:18,7
DA:19,7
DA:20,7
DA:21,7
DA:22,7
DA:23,7
DA:24,7
DA:25,7
DA:26,7
DA:27,7
DA:28,7
DA:29,7
DA:30,7
DA:31,7
DA:32,7
DA:33,7
DA:34,7
DA:35,7
DA:36,7
DA:37,7
DA:38,7
DA:39,7
DA:40,7
DA:41,7
DA:42,7
DA:43,7
DA:44,7
DA:45,7
DA:46,7
DA:47,7
DA:48,7
DA:49,7
DA:50,7
DA:51,7
DA:52,7
LF:52
LH:52
BRDA:14,0,0,7
BRDA:14,1,0,7
BRDA:16,2,0,7
BRF:3
BRH:3
end_of_record
TN:
SF:src/components/ShopCart/styles.ts
FN:14,Object.<anonymous>._styledComponents.default.div.isCartOpen.isCartOpen
FN:24,Object.<anonymous>._styledComponents.default.div.isCartOpen.isCartOpen
FNF:2
FNH:2
FNDA:7,Object.<anonymous>._styledComponents.default.div.isCartOpen.isCartOpen
FNDA:7,Object.<anonymous>._styledComponents.default.div.isCartOpen.isCartOpen
DA:1,1
DA:2,1
DA:3,1
DA:4,1
DA:5,1
DA:6,1
DA:7,1
DA:8,1
DA:9,1
DA:10,1
DA:11,1
DA:12,1
DA:13,1
DA:14,1
DA:15,1
DA:16,1
DA:17,1
DA:18,1
DA:19,1
DA:20,1
DA:21,1
DA:22,1
DA:23,1
DA:24,1
DA:25,2
DA:26,1
DA:27,1
DA:28,1
DA:29,1
DA:30,2
DA:31,1
DA:32,1
DA:33,1
DA:34,1
DA:35,1
DA:36,1
DA:37,1
DA:38,1
DA:39,1
DA:40,1
DA:41,1
DA:42,1
DA:43,1
DA:44,1
DA:45,1
DA:46,1
DA:47,1
DA:48,1
DA:49,1
DA:50,1
DA:51,1
DA:52,1
DA:53,1
DA:54,1
DA:55,1
DA:56,1
DA:57,1
DA:58,1
DA:59,1
DA:60,1
DA:61,1
DA:62,1
DA:63,1
DA:64,1
DA:65,1
DA:66,1
DA:67,1
DA:68,1
DA:69,1
DA:70,1
DA:71,1
DA:72,1
DA:73,1
DA:74,1
DA:75,1
DA:76,1
DA:77,1
DA:78,1
DA:79,1
DA:80,1
DA:81,1
DA:82,1
DA:83,1
DA:84,1
DA:85,1
DA:86,1
DA:87,1
DA:88,1
DA:89,1
DA:90,1
DA:91,1
DA:92,1
DA:93,1
DA:94,1
DA:95,1
DA:96,1
DA:97,1
DA:98,1
DA:99,1
DA:100,1
DA:101,1
DA:102,1
DA:103,1
DA:104,1
DA:105,1
DA:106,1
DA:107,1
DA:108,1
DA:109,1
DA:110,1
DA:111,1
DA:112,1
DA:113,1
DA:114,1
DA:115,1
DA:116,1
DA:117,1
DA:118,1
DA:119,1
DA:120,1
DA:121,1
DA:122,1
DA:123,1
DA:124,1
DA:125,1
DA:126,1
DA:127,1
DA:128,1
DA:129,1
DA:130,1
DA:131,1
DA:132,1
LF:132
LH:132
BRDA:14,0,0,7
BRDA:14,1,0,2
BRDA:14,2,0,5
BRDA:24,3,0,7
BRDA:24,4,0,2
BRDA:29,5,0,7
BRDA:29,6,0,2
BRF:7
BRH:7
end_of_record
TN:
SF:src/context/products-slice.ts
FN:16,setProducts
FNF:1
FNH:1
FNDA:1,setProducts
DA:1,1
DA:2,1
DA:3,1
DA:4,1
DA:5,1
DA:6,1
DA:7,1
DA:8,1
DA:9,1
DA:10,1
DA:11,1
DA:12,1
DA:13,1
DA:14,1
DA:15,1
DA:16,1
DA:17,1
DA:18,1
DA:19,1
DA:20,1
DA:21,1
DA:22,1
DA:23,1
DA:24,1
LF:24
LH:24
BRDA:16,0,0,1
BRF:1
BRH:1
end_of_record
TN:
SF:src/context/shopCart-slice.ts
FN:24,addProduct
FN:39,removeProduct
FN:56,deleteProduct
FN:70,toggleCart
FNF:4
FNH:4
FNDA:3,addProduct
FNDA:1,removeProduct
FNDA:1,deleteProduct
FNDA:1,toggleCart
DA:1,1
DA:2,1
DA:3,1
DA:4,1
DA:5,1
DA:6,1
DA:7,1
DA:8,1
DA:9,1
DA:10,1
DA:11,1
DA:12,1
DA:13,1
DA:14,1
DA:15,1
DA:16,1
DA:17,1
DA:18,1
DA:19,1
DA:20,1
DA:21,1
DA:22,1
DA:23,1
DA:24,1
DA:25,3
DA:26,3
DA:27,3
DA:28,3
DA:29,1
DA:30,2
DA:31,2
DA:32,2
DA:33,2
DA:34,2
DA:35,2
DA:36,3
DA:37,3
DA:38,3
DA:39,1
DA:40,1
DA:41,1
DA:42,1
DA:43,1
DA:44,1
DA:45,1
DA:46,1
DA:47,1
DA:48,1
DA:49,1
DA:50,1
DA:51,1
DA:52,1
DA:53,1
DA:54,1
DA:55,1
DA:56,1
DA:57,1
DA:58,1
DA:59,1
DA:60,1
DA:61,1
DA:62,1
DA:63,1
DA:64,1
DA:65,1
DA:66,1
DA:67,1
DA:68,1
DA:69,1
DA:70,1
DA:71,1
DA:72,1
DA:73,1
DA:74,1
DA:75,1
DA:76,1
DA:77,1
LF:77
LH:77
BRDA:24,0,0,3
BRDA:28,1,0,2
BRDA:28,2,0,1
BRDA:26,3,0,1
BRDA:39,4,0,1
BRDA:41,5,0,1
BRDA:48,6,0,1
BRDA:56,7,0,1
BRDA:58,8,0,1
BRDA:62,9,0,1
BRDA:70,10,0,1
BRF:11
BRH:11
end_of_record
TN:
SF:src/context/store.ts
FN:5,get
FNF:1
FNH:1
FNDA:20,get
DA:1,1
DA:2,1
DA:3,1
DA:4,1
DA:5,1
DA:6,1
DA:7,1
DA:8,1
DA:9,1
DA:10,1
DA:11,1
DA:12,1
LF:12
LH:12
BRDA:5,0,0,20
BRF:1
BRH:1
end_of_record
TN:
SF:src/hooks/products/useProductSelector.ts
FN:4,get
FNF:1
FNH:1
FNDA:14,get
DA:1,1
DA:2,1
DA:3,1
DA:4,1
LF:4
LH:4
BRDA:4,0,0,14
BRF:1
BRH:1
end_of_record
TN:
SF:src/hooks/products/useProducts.ts
FN:5,get
FN:5,useProducts
FN:6,getProductsData
FNF:3
FNH:3
FNDA:6,get
FNDA:6,useProducts
FNDA:6,getProductsData
DA:1,1
DA:2,1
DA:3,1
DA:4,1
DA:5,1
DA:6,6
DA:7,6
DA:8,6
DA:9,2
DA:10,2
DA:11,2
DA:12,0
DA:13,0
DA:14,6
DA:15,6
DA:16,6
DA:17,6
LF:17
LH:15
BRDA:5,0,0,6
BRDA:5,1,0,6
BRDA:6,2,0,6
BRDA:8,3,0,2
BRDA:11,4,0,0
BRF:5
BRH:4
end_of_record
TN:
SF:src/hooks/shopCart/useShopCart.ts
FN:6,get
FN:6,useShopCart
FN:10,addProductToCart
FN:14,removeProductFromCart
FN:18,openShopCart
FN:22,deleteProductFromCart
FNF:6
FNH:3
FNDA:25,get
FNDA:25,useShopCart
FNDA:1,addProductToCart
FNDA:0,removeProductFromCart
FNDA:0,openShopCart
FNDA:0,deleteProductFromCart
DA:1,1
DA:2,1
DA:3,1
DA:4,1
DA:5,1
DA:6,1
DA:7,25
DA:8,25
DA:9,25
DA:10,25
DA:11,1
DA:12,1
DA:13,25
DA:14,25
DA:15,0
DA:16,0
DA:17,25
DA:18,25
DA:19,0
DA:20,0
DA:21,25
DA:22,25
DA:23,0
DA:24,0
DA:25,25
DA:26,25
DA:27,25
LF:27
LH:21
BRDA:6,0,0,25
BRDA:6,1,0,25
BRDA:8,2,0,27
BRDA:10,3,0,1
BRF:4
BRH:4
end_of_record
TN:
SF:src/hooks/shopCart/useShopCartSelector.ts
FN:4,get
FNF:1
FNH:1
FNDA:37,get
DA:1,1
DA:2,1
DA:3,1
DA:4,1
LF:4
LH:4
BRDA:4,0,0,37
BRF:1
BRH:1
end_of_record
TN:
SF:src/pages/Home/Home.tsx
FN:13,get
FN:13,Home
FN:19,loadingProducts
FNF:3
FNH:3
FNDA:5,get
FNDA:5,Home
FNDA:5,loadingProducts
DA:1,1
DA:2,1
DA:3,1
DA:4,1
DA:5,1
DA:6,1
DA:7,1
DA:8,1
DA:9,1
DA:10,1
DA:11,1
DA:12,1
DA:13,1
DA:14,5
DA:15,5
DA:16,5
DA:17,5
DA:18,5
DA:19,5
DA:20,5
DA:21,5
DA:22,1
DA:23,1
DA:24,5
DA:25,5
DA:26,5
DA:27,5
DA:28,5
DA:29,5
DA:30,5
DA:31,5
DA:32,5
DA:33,5
DA:34,5
DA:35,5
DA:36,5
DA:37,5
DA:38,5
DA:39,5
DA:40,5
DA:41,5
DA:42,5
LF:42
LH:42
BRDA:13,0,0,5
BRDA:13,1,0,5
BRDA:14,2,0,5
BRDA:15,3,0,5
BRDA:19,4,0,5
BRDA:21,5,0,1
BRDA:26,6,0,5
BRF:7
BRH:7
end_of_record
TN:
SF:src/pages/Home/styles.ts
FNF:0
FNH:0
DA:1,1
DA:2,1
DA:3,1
DA:4,1
DA:5,1
DA:6,1
DA:7,1
DA:8,1
DA:9,1
DA:10,1
DA:11,1
DA:12,1
DA:13,1
DA:14,1
DA:15,1
DA:16,0
DA:17,1
DA:18,1
DA:19,1
DA:20,1
DA:21,1
DA:22,1
DA:23,1
DA:24,1
DA:25,1
DA:26,1
DA:27,1
DA:28,1
DA:29,1
DA:30,1
DA:31,1
DA:32,1
DA:33,1
DA:34,1
DA:35,1
LF:35
LH:34
BRDA:15,0,0,5
BRDA:15,1,0,0
BRF:2
BRH:1
end_of_record
TN:
SF:tests/RenderWithRedux.tsx
FN:6,get
FN:6,RenderWithRedux
FNF:2
FNH:2
FNDA:19,get
FNDA:19,RenderWithRedux
DA:1,1
DA:2,1
DA:3,1
DA:4,1
DA:5,1
DA:6,1
DA:7,19
DA:8,19
DA:9,19
DA:10,19
LF:10
LH:10
BRDA:6,0,0,19
BRDA:6,1,0,19
BRF:2
BRH:2
end_of_record
